22-02-24 00:37:43.451 - INFO: Dataset [LQGTDataset - DIV2K] is created.
22-02-24 00:37:43.451 - INFO: Number of train images: 1,594,077, iters: 99,630
22-02-24 00:37:43.452 - INFO: Total epochs needed: 21 for iters 2,000,000
22-02-24 00:37:43.452 - INFO: Dataset [LQGTDataset - DIV2K_valid_10] is created.
22-02-24 00:37:43.452 - INFO: Number of test images in [DIV2K_valid_10]: 10
22-02-24 00:37:43.654 - INFO: Dataset [LQGTDataset - DIV2K_valid_sub] is created.
22-02-24 00:37:43.655 - INFO: Number of val images in [DIV2K_valid_sub]: 22194
22-02-24 00:37:43.656 - INFO: Dataset [LQGTDataset - test2k] is created.
22-02-24 00:37:43.657 - INFO: Number of test images in [test2k]: 100
22-02-24 00:37:46.501 - INFO: Network G structure: US_FSRCNN_net, with parameters: 24,515
22-02-24 00:37:46.501 - INFO: US_FSRCNN_net(
  (head_conv): Sequential(
    (0): USConv2d(3, 56, kernel_size=(5, 5), stride=(1, 1), padding=(2, 2))
    (1): PReLU(num_parameters=1)
  )
  (body_conv): Sequential(
    (0): Sequential(
      (0): USConv2d(56, 12, kernel_size=(1, 1), stride=(1, 1))
      (1): PReLU(num_parameters=1)
    )
    (1): USConv2d(12, 12, kernel_size=(3, 3), stride=(1, 1), padding=(1, 1))
    (2): USConv2d(12, 12, kernel_size=(3, 3), stride=(1, 1), padding=(1, 1))
    (3): USConv2d(12, 12, kernel_size=(3, 3), stride=(1, 1), padding=(1, 1))
    (4): USConv2d(12, 12, kernel_size=(3, 3), stride=(1, 1), padding=(1, 1))
    (5): PReLU(num_parameters=1)
    (6): Sequential(
      (0): USConv2d(12, 56, kernel_size=(1, 1), stride=(1, 1))
      (1): PReLU(num_parameters=1)
    )
  )
  (tail_conv): USConvTranspose2d(56, 3, kernel_size=(9, 9), stride=(4, 4), padding=(3, 3), output_padding=(1, 1))
)
22-02-24 00:37:46.502 - INFO: Model [USSR_Model] is created.
22-02-24 00:37:48.050 - INFO: --- cost_list:[0.0, 141262852, 304570372, 467877892] ---
22-02-24 00:37:48.051 - INFO: Start training from epoch: 0, iter: 0
22-02-24 00:40:00.994 - INFO: [epoch:  0, iter:  10,000, lr:(9.999e-04,)] l_pix: 3.8634e-02 
22-02-24 00:40:01.091 - INFO: ======> 1w Iter Time: 133.04 (133.04)s, Will finish at: 02/24 08:01:15
22-02-24 00:42:13.576 - INFO: [epoch:  0, iter:  20,000, lr:(9.998e-04,)] l_pix: 3.1754e-02 
22-02-24 00:42:13.672 - INFO: ======> 1w Iter Time: 132.58 (132.81)s, Will finish at: 02/24 08:00:30
22-02-24 00:44:27.132 - INFO: [epoch:  0, iter:  30,000, lr:(9.994e-04,)] l_pix: 2.1181e-02 
22-02-24 00:44:27.216 - INFO: ======> 1w Iter Time: 133.54 (133.05)s, Will finish at: 02/24 08:01:19
22-02-24 00:46:42.001 - INFO: [epoch:  0, iter:  40,000, lr:(9.990e-04,)] l_pix: 3.5005e-02 
22-02-24 00:46:42.083 - INFO: ======> 1w Iter Time: 134.87 (133.51)s, Will finish at: 02/24 08:02:49
22-02-24 00:48:57.489 - INFO: [epoch:  0, iter:  50,000, lr:(9.985e-04,)] l_pix: 3.3772e-02 
22-02-24 00:48:57.588 - INFO: ======> 1w Iter Time: 135.51 (133.91)s, Will finish at: 02/24 08:04:09
22-02-24 00:51:13.809 - INFO: [epoch:  0, iter:  60,000, lr:(9.978e-04,)] l_pix: 3.0799e-02 
22-02-24 00:51:13.896 - INFO: ======> 1w Iter Time: 136.31 (134.31)s, Will finish at: 02/24 08:05:29
22-02-24 00:53:29.493 - INFO: [epoch:  0, iter:  70,000, lr:(9.970e-04,)] l_pix: 2.7875e-02 
22-02-24 00:53:29.573 - INFO: ======> 1w Iter Time: 135.68 (134.50)s, Will finish at: 02/24 08:06:08
22-02-24 00:55:46.051 - INFO: [epoch:  0, iter:  80,000, lr:(9.961e-04,)] l_pix: 3.7892e-02 
22-02-24 00:55:46.134 - INFO: ======> 1w Iter Time: 136.56 (134.76)s, Will finish at: 02/24 08:07:00
22-02-24 00:58:02.295 - INFO: [epoch:  0, iter:  90,000, lr:(9.950e-04,)] l_pix: 2.6958e-02 
22-02-24 00:58:02.388 - INFO: ======> 1w Iter Time: 136.25 (134.93)s, Will finish at: 02/24 08:07:33
22-02-24 01:00:19.784 - INFO: [epoch:  1, iter: 100,000, lr:(9.938e-04,)] l_pix: 3.5551e-02 
22-02-24 01:00:19.864 - INFO: ======> 1w Iter Time: 137.48 (135.18)s, Will finish at: 02/24 08:08:24
22-02-24 01:02:37.708 - INFO: [epoch:  1, iter: 110,000, lr:(9.926e-04,)] l_pix: 3.2362e-02 
22-02-24 01:02:37.784 - INFO: ======> 1w Iter Time: 137.92 (135.43)s, Will finish at: 02/24 08:09:14
22-02-24 01:04:55.588 - INFO: [epoch:  1, iter: 120,000, lr:(9.911e-04,)] l_pix: 3.1878e-02 
22-02-24 01:04:57.696 - INFO: ======> 1w Iter Time: 139.91 (135.80)s, Will finish at: 02/24 08:10:28
22-02-24 01:07:13.201 - INFO: [epoch:  1, iter: 130,000, lr:(9.896e-04,)] l_pix: 2.8284e-02 
22-02-24 01:07:13.294 - INFO: ======> 1w Iter Time: 135.60 (135.79)s, Will finish at: 02/24 08:10:25
22-02-24 01:09:30.652 - INFO: [epoch:  1, iter: 140,000, lr:(9.880e-04,)] l_pix: 2.8050e-02 
22-02-24 01:09:30.743 - INFO: ======> 1w Iter Time: 137.45 (135.91)s, Will finish at: 02/24 08:10:49
22-02-24 01:11:49.193 - INFO: [epoch:  1, iter: 150,000, lr:(9.862e-04,)] l_pix: 2.2909e-02 
22-02-24 01:11:49.558 - INFO: ======> 1w Iter Time: 138.82 (136.10)s, Will finish at: 02/24 08:11:28
22-02-24 01:14:07.367 - INFO: [epoch:  1, iter: 160,000, lr:(9.843e-04,)] l_pix: 2.4048e-02 
22-02-24 01:14:07.448 - INFO: ======> 1w Iter Time: 137.89 (136.21)s, Will finish at: 02/24 08:11:50
22-02-24 01:16:26.331 - INFO: [epoch:  1, iter: 170,000, lr:(9.823e-04,)] l_pix: 3.1252e-02 
22-02-24 01:16:26.441 - INFO: ======> 1w Iter Time: 138.99 (136.38)s, Will finish at: 02/24 08:12:23
22-02-24 01:18:44.294 - INFO: [epoch:  1, iter: 180,000, lr:(9.801e-04,)] l_pix: 2.2836e-02 
22-02-24 01:18:44.612 - INFO: ======> 1w Iter Time: 138.17 (136.48)s, Will finish at: 02/24 08:12:43
22-02-24 01:21:02.633 - INFO: [epoch:  1, iter: 190,000, lr:(9.779e-04,)] l_pix: 2.5351e-02 
22-02-24 01:21:02.717 - INFO: ======> 1w Iter Time: 138.10 (136.56)s, Will finish at: 02/24 08:13:00
22-02-24 01:23:21.159 - INFO: [epoch:  2, iter: 200,000, lr:(9.755e-04,)] l_pix: 2.4850e-02 
22-02-24 01:23:21.264 - INFO: ======> 1w Iter Time: 138.55 (136.66)s, Will finish at: 02/24 08:13:20
22-02-24 01:25:40.071 - INFO: [epoch:  2, iter: 210,000, lr:(9.730e-04,)] l_pix: 2.0429e-02 
22-02-24 01:25:40.157 - INFO: ======> 1w Iter Time: 138.89 (136.77)s, Will finish at: 02/24 08:13:41
22-02-24 01:27:58.532 - INFO: [epoch:  2, iter: 220,000, lr:(9.704e-04,)] l_pix: 3.0952e-02 
22-02-24 01:27:58.618 - INFO: ======> 1w Iter Time: 138.46 (136.84)s, Will finish at: 02/24 08:13:56
22-02-24 01:30:16.897 - INFO: [epoch:  2, iter: 230,000, lr:(9.677e-04,)] l_pix: 3.4288e-02 
22-02-24 01:30:16.978 - INFO: ======> 1w Iter Time: 138.36 (136.91)s, Will finish at: 02/24 08:14:10
22-02-24 01:32:34.939 - INFO: [epoch:  2, iter: 240,000, lr:(9.649e-04,)] l_pix: 3.0479e-02 
22-02-24 01:32:35.014 - INFO: ======> 1w Iter Time: 138.04 (136.96)s, Will finish at: 02/24 08:14:19
22-02-24 01:34:53.610 - INFO: [epoch:  2, iter: 250,000, lr:(9.619e-04,)] l_pix: 3.6546e-02 
22-02-24 01:34:53.691 - INFO: ======> 1w Iter Time: 138.68 (137.03)s, Will finish at: 02/24 08:14:33
22-02-24 01:37:12.124 - INFO: [epoch:  2, iter: 260,000, lr:(9.589e-04,)] l_pix: 3.2282e-02 
22-02-24 01:37:12.204 - INFO: ======> 1w Iter Time: 138.51 (137.08)s, Will finish at: 02/24 08:14:44
22-02-24 01:39:30.803 - INFO: [epoch:  2, iter: 270,000, lr:(9.557e-04,)] l_pix: 1.9202e-02 
22-02-24 01:39:30.874 - INFO: ======> 1w Iter Time: 138.67 (137.14)s, Will finish at: 02/24 08:14:56
22-02-24 01:41:48.963 - INFO: [epoch:  2, iter: 280,000, lr:(9.524e-04,)] l_pix: 3.2496e-02 
22-02-24 01:41:49.045 - INFO: ======> 1w Iter Time: 138.17 (137.18)s, Will finish at: 02/24 08:15:03
22-02-24 01:44:07.582 - INFO: [epoch:  2, iter: 290,000, lr:(9.490e-04,)] l_pix: 2.4054e-02 
22-02-24 01:44:07.659 - INFO: ======> 1w Iter Time: 138.61 (137.23)s, Will finish at: 02/24 08:15:13
22-02-24 01:46:26.917 - INFO: [epoch:  3, iter: 300,000, lr:(9.455e-04,)] l_pix: 2.6371e-02 
22-02-24 01:46:26.988 - INFO: ======> 1w Iter Time: 139.33 (137.30)s, Will finish at: 02/24 08:15:27
22-02-24 01:48:44.729 - INFO: [epoch:  3, iter: 310,000, lr:(9.419e-04,)] l_pix: 3.0340e-02 
22-02-24 01:48:44.802 - INFO: ======> 1w Iter Time: 137.81 (137.31)s, Will finish at: 02/24 08:15:30
22-02-24 01:51:02.670 - INFO: [epoch:  3, iter: 320,000, lr:(9.382e-04,)] l_pix: 2.1889e-02 
22-02-24 01:51:02.741 - INFO: ======> 1w Iter Time: 137.94 (137.33)s, Will finish at: 02/24 08:15:34
22-02-24 01:53:21.646 - INFO: [epoch:  3, iter: 330,000, lr:(9.343e-04,)] l_pix: 2.0738e-02 
22-02-24 01:53:21.731 - INFO: ======> 1w Iter Time: 138.99 (137.38)s, Will finish at: 02/24 08:15:44
22-02-24 01:55:39.674 - INFO: [epoch:  3, iter: 340,000, lr:(9.304e-04,)] l_pix: 3.3843e-02 
22-02-24 01:55:39.941 - INFO: ======> 1w Iter Time: 138.21 (137.41)s, Will finish at: 02/24 08:15:49
22-02-24 01:57:57.624 - INFO: [epoch:  3, iter: 350,000, lr:(9.263e-04,)] l_pix: 2.4944e-02 
22-02-24 01:57:57.710 - INFO: ======> 1w Iter Time: 137.77 (137.42)s, Will finish at: 02/24 08:15:51
22-02-24 02:00:15.926 - INFO: [epoch:  3, iter: 360,000, lr:(9.222e-04,)] l_pix: 2.7979e-02 
22-02-24 02:00:16.234 - INFO: ======> 1w Iter Time: 138.52 (137.45)s, Will finish at: 02/24 08:15:57
22-02-24 02:02:34.756 - INFO: [epoch:  3, iter: 370,000, lr:(9.179e-04,)] l_pix: 3.4361e-02 
22-02-24 02:02:34.850 - INFO: ======> 1w Iter Time: 138.62 (137.48)s, Will finish at: 02/24 08:16:04
22-02-24 02:04:53.835 - INFO: [epoch:  3, iter: 380,000, lr:(9.135e-04,)] l_pix: 3.3440e-02 
22-02-24 02:04:53.905 - INFO: ======> 1w Iter Time: 139.05 (137.52)s, Will finish at: 02/24 08:16:12
22-02-24 02:07:12.134 - INFO: [epoch:  3, iter: 390,000, lr:(9.091e-04,)] l_pix: 2.4460e-02 
22-02-24 02:07:12.292 - INFO: ======> 1w Iter Time: 138.39 (137.54)s, Will finish at: 02/24 08:16:16
22-02-24 02:09:31.373 - INFO: [epoch:  4, iter: 400,000, lr:(9.045e-04,)] l_pix: 2.4855e-02 
22-02-24 02:09:31.473 - INFO: ======> 1w Iter Time: 139.18 (137.59)s, Will finish at: 02/24 08:16:25
22-02-24 02:11:50.530 - INFO: [epoch:  4, iter: 410,000, lr:(8.999e-04,)] l_pix: 2.4747e-02 
22-02-24 02:11:50.606 - INFO: ======> 1w Iter Time: 139.13 (137.62)s, Will finish at: 02/24 08:16:32
22-02-24 02:14:08.928 - INFO: [epoch:  4, iter: 420,000, lr:(8.951e-04,)] l_pix: 2.6907e-02 
22-02-24 02:14:09.004 - INFO: ======> 1w Iter Time: 138.40 (137.64)s, Will finish at: 02/24 08:16:36
22-02-24 02:16:27.200 - INFO: [epoch:  4, iter: 430,000, lr:(8.902e-04,)] l_pix: 2.9728e-02 
22-02-24 02:16:27.286 - INFO: ======> 1w Iter Time: 138.28 (137.66)s, Will finish at: 02/24 08:16:39
22-02-24 02:18:45.179 - INFO: [epoch:  4, iter: 440,000, lr:(8.853e-04,)] l_pix: 2.6139e-02 
22-02-24 02:18:45.261 - INFO: ======> 1w Iter Time: 137.98 (137.66)s, Will finish at: 02/24 08:16:40
22-02-24 02:21:03.497 - INFO: [epoch:  4, iter: 450,000, lr:(8.802e-04,)] l_pix: 3.2722e-02 
22-02-24 02:21:04.382 - INFO: ======> 1w Iter Time: 139.12 (137.70)s, Will finish at: 02/24 08:16:47
22-02-24 02:23:22.649 - INFO: [epoch:  4, iter: 460,000, lr:(8.751e-04,)] l_pix: 2.5099e-02 
22-02-24 02:23:24.815 - INFO: ======> 1w Iter Time: 140.43 (137.76)s, Will finish at: 02/24 08:16:59
22-02-24 02:25:43.321 - INFO: [epoch:  4, iter: 470,000, lr:(8.698e-04,)] l_pix: 2.6086e-02 
22-02-24 02:25:44.996 - INFO: ======> 1w Iter Time: 140.18 (137.81)s, Will finish at: 02/24 08:17:09
22-02-24 02:28:03.541 - INFO: [epoch:  4, iter: 480,000, lr:(8.645e-04,)] l_pix: 2.0910e-02 
22-02-24 02:28:03.628 - INFO: ======> 1w Iter Time: 138.63 (137.82)s, Will finish at: 02/24 08:17:12
22-02-24 02:30:21.854 - INFO: [epoch:  4, iter: 490,000, lr:(8.591e-04,)] l_pix: 2.7917e-02 
22-02-24 02:30:21.969 - INFO: ======> 1w Iter Time: 138.34 (137.84)s, Will finish at: 02/24 08:17:15
22-02-24 02:32:47.007 - INFO: [epoch:  5, iter: 500,000, lr:(8.536e-04,)] l_pix: 3.4086e-02 
22-02-24 02:32:47.113 - INFO: ======> 1w Iter Time: 145.14 (137.98)s, Will finish at: 02/24 08:17:44
22-02-24 02:35:12.003 - INFO: [epoch:  5, iter: 510,000, lr:(8.480e-04,)] l_pix: 2.2312e-02 
22-02-24 02:35:12.100 - INFO: ======> 1w Iter Time: 144.99 (138.12)s, Will finish at: 02/24 08:18:11
22-02-24 02:37:36.602 - INFO: [epoch:  5, iter: 520,000, lr:(8.423e-04,)] l_pix: 2.7985e-02 
22-02-24 02:37:36.989 - INFO: ======> 1w Iter Time: 144.89 (138.25)s, Will finish at: 02/24 08:18:37
22-02-24 02:40:00.127 - INFO: [epoch:  5, iter: 530,000, lr:(8.365e-04,)] l_pix: 3.3777e-02 
22-02-24 02:40:00.207 - INFO: ======> 1w Iter Time: 143.22 (138.34)s, Will finish at: 02/24 08:18:56
22-02-24 02:42:21.360 - INFO: [epoch:  5, iter: 540,000, lr:(8.307e-04,)] l_pix: 3.2682e-02 
22-02-24 02:42:21.463 - INFO: ======> 1w Iter Time: 141.26 (138.40)s, Will finish at: 02/24 08:19:07
22-02-24 02:44:38.844 - INFO: [epoch:  5, iter: 550,000, lr:(8.247e-04,)] l_pix: 3.1588e-02 
22-02-24 02:44:38.926 - INFO: ======> 1w Iter Time: 137.46 (138.38)s, Will finish at: 02/24 08:19:03
22-02-24 02:46:56.006 - INFO: [epoch:  5, iter: 560,000, lr:(8.187e-04,)] l_pix: 3.9825e-02 
22-02-24 02:46:56.084 - INFO: ======> 1w Iter Time: 137.16 (138.36)s, Will finish at: 02/24 08:18:59
22-02-24 02:49:13.527 - INFO: [epoch:  5, iter: 570,000, lr:(8.126e-04,)] l_pix: 2.9969e-02 
22-02-24 02:49:13.656 - INFO: ======> 1w Iter Time: 137.57 (138.34)s, Will finish at: 02/24 08:18:56
22-02-24 02:51:30.362 - INFO: [epoch:  5, iter: 580,000, lr:(8.065e-04,)] l_pix: 2.6201e-02 
22-02-24 02:51:30.444 - INFO: ======> 1w Iter Time: 136.79 (138.32)s, Will finish at: 02/24 08:18:51
22-02-24 02:53:48.738 - INFO: [epoch:  5, iter: 590,000, lr:(8.002e-04,)] l_pix: 3.4824e-02 
22-02-24 02:53:48.836 - INFO: ======> 1w Iter Time: 138.39 (138.32)s, Will finish at: 02/24 08:18:51
22-02-24 02:56:06.763 - INFO: [epoch:  6, iter: 600,000, lr:(7.939e-04,)] l_pix: 4.1803e-02 
22-02-24 02:56:06.847 - INFO: ======> 1w Iter Time: 138.01 (138.31)s, Will finish at: 02/24 08:18:50
22-02-24 02:58:27.170 - INFO: [epoch:  6, iter: 610,000, lr:(7.875e-04,)] l_pix: 3.2580e-02 
22-02-24 02:58:27.261 - INFO: ======> 1w Iter Time: 140.41 (138.35)s, Will finish at: 02/24 08:18:57
22-02-24 03:00:52.459 - INFO: [epoch:  6, iter: 620,000, lr:(7.811e-04,)] l_pix: 1.9185e-02 
22-02-24 03:00:52.534 - INFO: ======> 1w Iter Time: 145.27 (138.46)s, Will finish at: 02/24 08:19:19
22-02-24 03:03:17.017 - INFO: [epoch:  6, iter: 630,000, lr:(7.745e-04,)] l_pix: 2.4635e-02 
22-02-24 03:03:17.108 - INFO: ======> 1w Iter Time: 144.57 (138.56)s, Will finish at: 02/24 08:19:39
22-02-24 03:05:47.482 - INFO: [epoch:  6, iter: 640,000, lr:(7.679e-04,)] l_pix: 2.0107e-02 
22-02-24 03:05:47.571 - INFO: ======> 1w Iter Time: 150.46 (138.74)s, Will finish at: 02/24 08:20:16
22-02-24 03:08:39.844 - INFO: [epoch:  6, iter: 650,000, lr:(7.613e-04,)] l_pix: 3.0014e-02 
22-02-24 03:08:41.924 - INFO: ======> 1w Iter Time: 174.35 (139.29)s, Will finish at: 02/24 08:22:06
22-02-24 03:11:30.732 - INFO: [epoch:  6, iter: 660,000, lr:(7.545e-04,)] l_pix: 2.1982e-02 
22-02-24 03:11:30.825 - INFO: ======> 1w Iter Time: 168.90 (139.74)s, Will finish at: 02/24 08:23:35
22-02-24 03:14:14.781 - INFO: [epoch:  6, iter: 670,000, lr:(7.478e-04,)] l_pix: 2.8648e-02 
22-02-24 03:14:14.890 - INFO: ======> 1w Iter Time: 164.06 (140.10)s, Will finish at: 02/24 08:24:48
22-02-24 03:16:37.961 - INFO: [epoch:  6, iter: 680,000, lr:(7.409e-04,)] l_pix: 3.1920e-02 
22-02-24 03:16:38.045 - INFO: ======> 1w Iter Time: 143.16 (140.15)s, Will finish at: 02/24 08:24:57
22-02-24 03:19:02.840 - INFO: [epoch:  6, iter: 690,000, lr:(7.340e-04,)] l_pix: 2.8970e-02 
22-02-24 03:19:02.929 - INFO: ======> 1w Iter Time: 144.88 (140.22)s, Will finish at: 02/24 08:25:11
22-02-24 03:21:26.879 - INFO: [epoch:  7, iter: 700,000, lr:(7.270e-04,)] l_pix: 3.6211e-02 
22-02-24 03:21:26.955 - INFO: ======> 1w Iter Time: 144.03 (140.27)s, Will finish at: 02/24 08:25:22
22-02-24 03:23:44.891 - INFO: [epoch:  7, iter: 710,000, lr:(7.200e-04,)] l_pix: 3.4753e-02 
22-02-24 03:23:44.967 - INFO: ======> 1w Iter Time: 138.01 (140.24)s, Will finish at: 02/24 08:25:15
22-02-24 03:26:01.829 - INFO: [epoch:  7, iter: 720,000, lr:(7.129e-04,)] l_pix: 2.5005e-02 
22-02-24 03:26:01.907 - INFO: ======> 1w Iter Time: 136.94 (140.19)s, Will finish at: 02/24 08:25:06
22-02-24 03:28:19.412 - INFO: [epoch:  7, iter: 730,000, lr:(7.058e-04,)] l_pix: 3.1190e-02 
22-02-24 03:28:19.495 - INFO: ======> 1w Iter Time: 137.59 (140.16)s, Will finish at: 02/24 08:24:59
22-02-24 03:30:36.445 - INFO: [epoch:  7, iter: 740,000, lr:(6.986e-04,)] l_pix: 2.4196e-02 
22-02-24 03:30:36.764 - INFO: ======> 1w Iter Time: 137.27 (140.12)s, Will finish at: 02/24 08:24:51
22-02-24 03:32:53.732 - INFO: [epoch:  7, iter: 750,000, lr:(6.914e-04,)] l_pix: 2.2704e-02 
22-02-24 03:32:53.852 - INFO: ======> 1w Iter Time: 137.09 (140.08)s, Will finish at: 02/24 08:24:43
22-02-24 03:35:09.978 - INFO: [epoch:  7, iter: 760,000, lr:(6.841e-04,)] l_pix: 2.3575e-02 
22-02-24 03:35:10.487 - INFO: ======> 1w Iter Time: 136.63 (140.03)s, Will finish at: 02/24 08:24:34
22-02-24 03:37:26.723 - INFO: [epoch:  7, iter: 770,000, lr:(6.768e-04,)] l_pix: 2.6939e-02 
22-02-24 03:37:26.821 - INFO: ======> 1w Iter Time: 136.33 (139.98)s, Will finish at: 02/24 08:24:24
22-02-24 03:39:43.071 - INFO: [epoch:  7, iter: 780,000, lr:(6.694e-04,)] l_pix: 2.8603e-02 
22-02-24 03:39:43.185 - INFO: ======> 1w Iter Time: 136.36 (139.94)s, Will finish at: 02/24 08:24:15
22-02-24 03:41:59.686 - INFO: [epoch:  7, iter: 790,000, lr:(6.620e-04,)] l_pix: 2.5687e-02 
22-02-24 03:42:00.184 - INFO: ======> 1w Iter Time: 137.00 (139.90)s, Will finish at: 02/24 08:24:08
22-02-24 03:44:18.229 - INFO: [epoch:  8, iter: 800,000, lr:(6.545e-04,)] l_pix: 2.1749e-02 
22-02-24 03:44:18.374 - INFO: ======> 1w Iter Time: 138.19 (139.88)s, Will finish at: 02/24 08:24:03
22-02-24 03:46:35.546 - INFO: [epoch:  8, iter: 810,000, lr:(6.471e-04,)] l_pix: 3.0348e-02 
22-02-24 03:46:35.787 - INFO: ======> 1w Iter Time: 137.41 (139.85)s, Will finish at: 02/24 08:23:57
22-02-24 03:48:51.674 - INFO: [epoch:  8, iter: 820,000, lr:(6.395e-04,)] l_pix: 1.9336e-02 
22-02-24 03:48:51.776 - INFO: ======> 1w Iter Time: 135.99 (139.80)s, Will finish at: 02/24 08:23:48
22-02-24 03:51:07.077 - INFO: [epoch:  8, iter: 830,000, lr:(6.320e-04,)] l_pix: 1.9103e-02 
22-02-24 03:51:07.207 - INFO: ======> 1w Iter Time: 135.43 (139.75)s, Will finish at: 02/24 08:23:37
22-02-24 03:53:23.183 - INFO: [epoch:  8, iter: 840,000, lr:(6.244e-04,)] l_pix: 2.3120e-02 
22-02-24 03:53:23.286 - INFO: ======> 1w Iter Time: 136.08 (139.71)s, Will finish at: 02/24 08:23:29
22-02-24 03:55:39.141 - INFO: [epoch:  8, iter: 850,000, lr:(6.168e-04,)] l_pix: 2.7117e-02 
22-02-24 03:55:39.211 - INFO: ======> 1w Iter Time: 135.93 (139.66)s, Will finish at: 02/24 08:23:20
22-02-24 03:57:55.081 - INFO: [epoch:  8, iter: 860,000, lr:(6.091e-04,)] l_pix: 3.8846e-02 
22-02-24 03:57:55.208 - INFO: ======> 1w Iter Time: 136.00 (139.62)s, Will finish at: 02/24 08:23:11
22-02-24 04:00:11.564 - INFO: [epoch:  8, iter: 870,000, lr:(6.014e-04,)] l_pix: 2.7104e-02 
22-02-24 04:00:11.643 - INFO: ======> 1w Iter Time: 136.43 (139.58)s, Will finish at: 02/24 08:23:04
22-02-24 04:02:28.200 - INFO: [epoch:  8, iter: 880,000, lr:(5.937e-04,)] l_pix: 3.2324e-02 
22-02-24 04:02:28.286 - INFO: ======> 1w Iter Time: 136.64 (139.55)s, Will finish at: 02/24 08:22:57
22-02-24 04:04:43.676 - INFO: [epoch:  8, iter: 890,000, lr:(5.860e-04,)] l_pix: 2.4743e-02 
22-02-24 04:04:43.758 - INFO: ======> 1w Iter Time: 135.47 (139.50)s, Will finish at: 02/24 08:22:48
22-02-24 04:07:00.173 - INFO: [epoch:  9, iter: 900,000, lr:(5.783e-04,)] l_pix: 2.8917e-02 
22-02-24 04:07:00.272 - INFO: ======> 1w Iter Time: 136.51 (139.47)s, Will finish at: 02/24 08:22:41
22-02-24 04:09:16.298 - INFO: [epoch:  9, iter: 910,000, lr:(5.705e-04,)] l_pix: 3.4054e-02 
22-02-24 04:09:16.408 - INFO: ======> 1w Iter Time: 136.14 (139.43)s, Will finish at: 02/24 08:22:34
22-02-24 04:11:32.029 - INFO: [epoch:  9, iter: 920,000, lr:(5.627e-04,)] l_pix: 2.0332e-02 
22-02-24 04:11:32.121 - INFO: ======> 1w Iter Time: 135.71 (139.39)s, Will finish at: 02/24 08:22:26
22-02-24 04:13:47.816 - INFO: [epoch:  9, iter: 930,000, lr:(5.549e-04,)] l_pix: 2.4760e-02 
22-02-24 04:13:47.903 - INFO: ======> 1w Iter Time: 135.78 (139.35)s, Will finish at: 02/24 08:22:18
22-02-24 04:16:03.637 - INFO: [epoch:  9, iter: 940,000, lr:(5.471e-04,)] l_pix: 2.4720e-02 
22-02-24 04:16:04.147 - INFO: ======> 1w Iter Time: 136.24 (139.32)s, Will finish at: 02/24 08:22:12
22-02-24 04:18:20.680 - INFO: [epoch:  9, iter: 950,000, lr:(5.393e-04,)] l_pix: 3.1436e-02 
22-02-24 04:18:21.073 - INFO: ======> 1w Iter Time: 136.93 (139.29)s, Will finish at: 02/24 08:22:07
22-02-24 04:20:37.387 - INFO: [epoch:  9, iter: 960,000, lr:(5.314e-04,)] l_pix: 2.1973e-02 
22-02-24 04:20:37.466 - INFO: ======> 1w Iter Time: 136.39 (139.26)s, Will finish at: 02/24 08:22:00
22-02-24 04:22:53.680 - INFO: [epoch:  9, iter: 970,000, lr:(5.236e-04,)] l_pix: 2.4173e-02 
22-02-24 04:22:53.763 - INFO: ======> 1w Iter Time: 136.30 (139.23)s, Will finish at: 02/24 08:21:54
22-02-24 04:25:08.785 - INFO: [epoch:  9, iter: 980,000, lr:(5.158e-04,)] l_pix: 3.3979e-02 
22-02-24 04:25:08.858 - INFO: ======> 1w Iter Time: 135.10 (139.19)s, Will finish at: 02/24 08:21:46
22-02-24 04:27:24.813 - INFO: [epoch:  9, iter: 990,000, lr:(5.079e-04,)] l_pix: 2.5427e-02 
22-02-24 04:27:24.901 - INFO: ======> 1w Iter Time: 136.04 (139.16)s, Will finish at: 02/24 08:21:40
22-02-24 04:29:41.654 - INFO: [epoch: 10, iter:1,000,000, lr:(5.001e-04,)] l_pix: 2.4425e-02 
22-02-24 04:29:41.737 - INFO: ======> 1w Iter Time: 136.84 (139.14)s, Will finish at: 02/24 08:21:35
22-02-24 04:31:58.552 - INFO: [epoch: 10, iter:1,010,000, lr:(4.922e-04,)] l_pix: 3.4520e-02 
22-02-24 04:31:58.644 - INFO: ======> 1w Iter Time: 136.91 (139.11)s, Will finish at: 02/24 08:21:30
22-02-24 04:34:14.332 - INFO: [epoch: 10, iter:1,020,000, lr:(4.843e-04,)] l_pix: 3.3836e-02 
22-02-24 04:34:14.429 - INFO: ======> 1w Iter Time: 135.79 (139.08)s, Will finish at: 02/24 08:21:24
22-02-24 04:36:30.864 - INFO: [epoch: 10, iter:1,030,000, lr:(4.765e-04,)] l_pix: 2.4492e-02 
22-02-24 04:36:31.228 - INFO: ======> 1w Iter Time: 136.80 (139.06)s, Will finish at: 02/24 08:21:20
22-02-24 04:38:46.999 - INFO: [epoch: 10, iter:1,040,000, lr:(4.687e-04,)] l_pix: 3.2306e-02 
22-02-24 04:38:47.102 - INFO: ======> 1w Iter Time: 135.87 (139.03)s, Will finish at: 02/24 08:21:13
22-02-24 04:41:03.312 - INFO: [epoch: 10, iter:1,050,000, lr:(4.608e-04,)] l_pix: 2.6696e-02 
22-02-24 04:41:03.399 - INFO: ======> 1w Iter Time: 136.30 (139.00)s, Will finish at: 02/24 08:21:08
22-02-24 04:43:18.900 - INFO: [epoch: 10, iter:1,060,000, lr:(4.530e-04,)] l_pix: 3.2917e-02 
22-02-24 04:43:18.989 - INFO: ======> 1w Iter Time: 135.59 (138.97)s, Will finish at: 02/24 08:21:02
22-02-24 04:45:34.655 - INFO: [epoch: 10, iter:1,070,000, lr:(4.452e-04,)] l_pix: 3.2037e-02 
22-02-24 04:45:34.745 - INFO: ======> 1w Iter Time: 135.76 (138.94)s, Will finish at: 02/24 08:20:56
22-02-24 04:47:50.872 - INFO: [epoch: 10, iter:1,080,000, lr:(4.374e-04,)] l_pix: 2.3005e-02 
22-02-24 04:47:51.310 - INFO: ======> 1w Iter Time: 136.57 (138.92)s, Will finish at: 02/24 08:20:51
22-02-24 04:50:07.316 - INFO: [epoch: 10, iter:1,090,000, lr:(4.296e-04,)] l_pix: 1.9997e-02 
22-02-24 04:50:07.395 - INFO: ======> 1w Iter Time: 136.09 (138.89)s, Will finish at: 02/24 08:20:46
22-02-24 04:52:23.727 - INFO: [epoch: 11, iter:1,100,000, lr:(4.218e-04,)] l_pix: 3.4884e-02 
22-02-24 04:52:23.815 - INFO: ======> 1w Iter Time: 136.42 (138.87)s, Will finish at: 02/24 08:20:42
22-02-24 04:54:39.557 - INFO: [epoch: 11, iter:1,110,000, lr:(4.141e-04,)] l_pix: 2.5189e-02 
22-02-24 04:54:39.649 - INFO: ======> 1w Iter Time: 135.83 (138.84)s, Will finish at: 02/24 08:20:36
22-02-24 04:56:55.919 - INFO: [epoch: 11, iter:1,120,000, lr:(4.064e-04,)] l_pix: 2.3861e-02 
22-02-24 04:56:56.418 - INFO: ======> 1w Iter Time: 136.77 (138.82)s, Will finish at: 02/24 08:20:32
22-02-24 04:59:12.013 - INFO: [epoch: 11, iter:1,130,000, lr:(3.987e-04,)] l_pix: 2.3413e-02 
22-02-24 04:59:12.094 - INFO: ======> 1w Iter Time: 135.68 (138.80)s, Will finish at: 02/24 08:20:27
22-02-24 05:01:28.749 - INFO: [epoch: 11, iter:1,140,000, lr:(3.910e-04,)] l_pix: 3.0898e-02 
22-02-24 05:01:28.842 - INFO: ======> 1w Iter Time: 136.75 (138.78)s, Will finish at: 02/24 08:20:23
22-02-24 05:03:44.376 - INFO: [epoch: 11, iter:1,150,000, lr:(3.833e-04,)] l_pix: 2.5057e-02 
22-02-24 05:03:44.449 - INFO: ======> 1w Iter Time: 135.61 (138.75)s, Will finish at: 02/24 08:20:18
22-02-24 05:06:00.649 - INFO: [epoch: 11, iter:1,160,000, lr:(3.757e-04,)] l_pix: 2.2746e-02 
22-02-24 05:06:00.728 - INFO: ======> 1w Iter Time: 136.28 (138.73)s, Will finish at: 02/24 08:20:14
22-02-24 05:08:16.756 - INFO: [epoch: 11, iter:1,170,000, lr:(3.681e-04,)] l_pix: 2.6912e-02 
22-02-24 05:08:16.825 - INFO: ======> 1w Iter Time: 136.10 (138.71)s, Will finish at: 02/24 08:20:09
22-02-24 05:10:32.401 - INFO: [epoch: 11, iter:1,180,000, lr:(3.606e-04,)] l_pix: 2.1753e-02 
22-02-24 05:10:32.484 - INFO: ======> 1w Iter Time: 135.66 (138.68)s, Will finish at: 02/24 08:20:04
22-02-24 05:12:48.536 - INFO: [epoch: 11, iter:1,190,000, lr:(3.530e-04,)] l_pix: 2.6884e-02 
22-02-24 05:12:48.626 - INFO: ======> 1w Iter Time: 136.14 (138.66)s, Will finish at: 02/24 08:20:00
22-02-24 05:15:05.417 - INFO: [epoch: 12, iter:1,200,000, lr:(3.456e-04,)] l_pix: 1.2677e-02 
22-02-24 05:15:05.506 - INFO: ======> 1w Iter Time: 136.88 (138.65)s, Will finish at: 02/24 08:19:57
22-02-24 05:17:22.192 - INFO: [epoch: 12, iter:1,210,000, lr:(3.381e-04,)] l_pix: 3.2475e-02 
22-02-24 05:17:22.289 - INFO: ======> 1w Iter Time: 136.78 (138.63)s, Will finish at: 02/24 08:19:54
22-02-24 05:19:38.617 - INFO: [epoch: 12, iter:1,220,000, lr:(3.307e-04,)] l_pix: 1.6586e-02 
22-02-24 05:19:38.718 - INFO: ======> 1w Iter Time: 136.43 (138.61)s, Will finish at: 02/24 08:19:50
22-02-24 05:21:55.051 - INFO: [epoch: 12, iter:1,230,000, lr:(3.233e-04,)] l_pix: 3.1513e-02 
22-02-24 05:21:55.141 - INFO: ======> 1w Iter Time: 136.42 (138.59)s, Will finish at: 02/24 08:19:46
22-02-24 05:24:10.414 - INFO: [epoch: 12, iter:1,240,000, lr:(3.160e-04,)] l_pix: 2.8771e-02 
22-02-24 05:24:10.519 - INFO: ======> 1w Iter Time: 135.38 (138.57)s, Will finish at: 02/24 08:19:41
22-02-24 05:26:27.053 - INFO: [epoch: 12, iter:1,250,000, lr:(3.087e-04,)] l_pix: 2.3925e-02 
22-02-24 05:26:27.151 - INFO: ======> 1w Iter Time: 136.63 (138.55)s, Will finish at: 02/24 08:19:38
22-02-24 05:28:43.157 - INFO: [epoch: 12, iter:1,260,000, lr:(3.015e-04,)] l_pix: 3.0437e-02 
22-02-24 05:28:44.577 - INFO: ======> 1w Iter Time: 137.43 (138.54)s, Will finish at: 02/24 08:19:36
22-02-24 05:30:59.212 - INFO: [epoch: 12, iter:1,270,000, lr:(2.943e-04,)] l_pix: 2.6267e-02 
22-02-24 05:30:59.300 - INFO: ======> 1w Iter Time: 134.72 (138.51)s, Will finish at: 02/24 08:19:30
22-02-24 05:33:15.400 - INFO: [epoch: 12, iter:1,280,000, lr:(2.872e-04,)] l_pix: 2.6827e-02 
22-02-24 05:33:15.504 - INFO: ======> 1w Iter Time: 136.20 (138.50)s, Will finish at: 02/24 08:19:27
22-02-24 05:35:31.360 - INFO: [epoch: 12, iter:1,290,000, lr:(2.801e-04,)] l_pix: 2.5942e-02 
22-02-24 05:35:31.460 - INFO: ======> 1w Iter Time: 135.96 (138.48)s, Will finish at: 02/24 08:19:23
22-02-24 05:37:48.166 - INFO: [epoch: 13, iter:1,300,000, lr:(2.731e-04,)] l_pix: 3.4851e-02 
22-02-24 05:37:48.284 - INFO: ======> 1w Iter Time: 136.82 (138.46)s, Will finish at: 02/24 08:19:20
22-02-24 05:40:03.459 - INFO: [epoch: 13, iter:1,310,000, lr:(2.661e-04,)] l_pix: 2.4383e-02 
22-02-24 05:40:03.545 - INFO: ======> 1w Iter Time: 135.26 (138.44)s, Will finish at: 02/24 08:19:15
22-02-24 05:42:19.981 - INFO: [epoch: 13, iter:1,320,000, lr:(2.592e-04,)] l_pix: 2.4202e-02 
22-02-24 05:42:20.253 - INFO: ======> 1w Iter Time: 136.71 (138.43)s, Will finish at: 02/24 08:19:13
22-02-24 05:44:36.245 - INFO: [epoch: 13, iter:1,330,000, lr:(2.523e-04,)] l_pix: 1.8523e-02 
22-02-24 05:44:36.321 - INFO: ======> 1w Iter Time: 136.07 (138.41)s, Will finish at: 02/24 08:19:09
22-02-24 05:46:52.453 - INFO: [epoch: 13, iter:1,340,000, lr:(2.456e-04,)] l_pix: 1.8915e-02 
22-02-24 05:46:52.556 - INFO: ======> 1w Iter Time: 136.24 (138.39)s, Will finish at: 02/24 08:19:06
22-02-24 05:49:07.912 - INFO: [epoch: 13, iter:1,350,000, lr:(2.388e-04,)] l_pix: 2.8061e-02 
22-02-24 05:49:08.007 - INFO: ======> 1w Iter Time: 135.45 (138.37)s, Will finish at: 02/24 08:19:02
22-02-24 05:51:24.200 - INFO: [epoch: 13, iter:1,360,000, lr:(2.322e-04,)] l_pix: 3.9146e-02 
22-02-24 05:51:24.675 - INFO: ======> 1w Iter Time: 136.67 (138.36)s, Will finish at: 02/24 08:18:59
22-02-24 05:53:40.904 - INFO: [epoch: 13, iter:1,370,000, lr:(2.256e-04,)] l_pix: 2.2994e-02 
22-02-24 05:53:41.018 - INFO: ======> 1w Iter Time: 136.34 (138.34)s, Will finish at: 02/24 08:18:56
22-02-24 05:55:55.531 - INFO: [epoch: 13, iter:1,380,000, lr:(2.190e-04,)] l_pix: 3.8617e-02 
22-02-24 05:55:55.623 - INFO: ======> 1w Iter Time: 134.60 (138.32)s, Will finish at: 02/24 08:18:51
22-02-24 05:58:11.107 - INFO: [epoch: 13, iter:1,390,000, lr:(2.126e-04,)] l_pix: 3.3315e-02 
22-02-24 05:58:11.212 - INFO: ======> 1w Iter Time: 135.59 (138.30)s, Will finish at: 02/24 08:18:47
22-02-24 06:00:27.662 - INFO: [epoch: 14, iter:1,400,000, lr:(2.062e-04,)] l_pix: 2.9304e-02 
22-02-24 06:00:27.764 - INFO: ======> 1w Iter Time: 136.55 (138.28)s, Will finish at: 02/24 08:18:44
22-02-24 06:02:44.684 - INFO: [epoch: 14, iter:1,410,000, lr:(1.999e-04,)] l_pix: 2.0985e-02 
22-02-24 06:02:44.856 - INFO: ======> 1w Iter Time: 137.09 (138.28)s, Will finish at: 02/24 08:18:43
22-02-24 06:05:00.547 - INFO: [epoch: 14, iter:1,420,000, lr:(1.936e-04,)] l_pix: 2.6814e-02 
22-02-24 06:05:00.653 - INFO: ======> 1w Iter Time: 135.80 (138.26)s, Will finish at: 02/24 08:18:39
22-02-24 06:07:15.294 - INFO: [epoch: 14, iter:1,430,000, lr:(1.875e-04,)] l_pix: 3.1643e-02 
22-02-24 06:07:15.393 - INFO: ======> 1w Iter Time: 134.74 (138.23)s, Will finish at: 02/24 08:18:34
22-02-24 06:09:31.401 - INFO: [epoch: 14, iter:1,440,000, lr:(1.814e-04,)] l_pix: 2.4388e-02 
22-02-24 06:09:31.506 - INFO: ======> 1w Iter Time: 136.11 (138.22)s, Will finish at: 02/24 08:18:31
22-02-24 06:11:47.428 - INFO: [epoch: 14, iter:1,450,000, lr:(1.754e-04,)] l_pix: 3.0748e-02 
22-02-24 06:11:47.509 - INFO: ======> 1w Iter Time: 136.00 (138.20)s, Will finish at: 02/24 08:18:28
22-02-24 06:14:03.429 - INFO: [epoch: 14, iter:1,460,000, lr:(1.694e-04,)] l_pix: 2.9641e-02 
22-02-24 06:14:03.532 - INFO: ======> 1w Iter Time: 136.02 (138.19)s, Will finish at: 02/24 08:18:25
22-02-24 06:16:19.374 - INFO: [epoch: 14, iter:1,470,000, lr:(1.636e-04,)] l_pix: 3.2989e-02 
22-02-24 06:16:19.680 - INFO: ======> 1w Iter Time: 136.15 (138.17)s, Will finish at: 02/24 08:18:22
22-02-24 06:18:35.977 - INFO: [epoch: 14, iter:1,480,000, lr:(1.578e-04,)] l_pix: 2.8483e-02 
22-02-24 06:18:36.058 - INFO: ======> 1w Iter Time: 136.38 (138.16)s, Will finish at: 02/24 08:18:20
22-02-24 06:20:51.412 - INFO: [epoch: 14, iter:1,490,000, lr:(1.521e-04,)] l_pix: 2.5237e-02 
22-02-24 06:20:51.511 - INFO: ======> 1w Iter Time: 135.45 (138.14)s, Will finish at: 02/24 08:18:16
22-02-24 06:23:08.349 - INFO: [epoch: 15, iter:1,500,000, lr:(1.465e-04,)] l_pix: 3.0161e-02 
22-02-24 06:23:08.457 - INFO: ======> 1w Iter Time: 136.95 (138.14)s, Will finish at: 02/24 08:18:15
22-02-24 06:25:24.623 - INFO: [epoch: 15, iter:1,510,000, lr:(1.410e-04,)] l_pix: 2.9247e-02 
22-02-24 06:25:24.752 - INFO: ======> 1w Iter Time: 136.29 (138.12)s, Will finish at: 02/24 08:18:12
22-02-24 06:27:41.322 - INFO: [epoch: 15, iter:1,520,000, lr:(1.356e-04,)] l_pix: 2.5232e-02 
22-02-24 06:27:41.403 - INFO: ======> 1w Iter Time: 136.65 (138.11)s, Will finish at: 02/24 08:18:10
22-02-24 06:29:59.899 - INFO: [epoch: 15, iter:1,530,000, lr:(1.303e-04,)] l_pix: 2.3375e-02 
22-02-24 06:29:59.988 - INFO: ======> 1w Iter Time: 138.59 (138.12)s, Will finish at: 02/24 08:18:11
22-02-24 06:32:26.347 - INFO: [epoch: 15, iter:1,540,000, lr:(1.250e-04,)] l_pix: 2.7092e-02 
22-02-24 06:32:26.442 - INFO: ======> 1w Iter Time: 146.45 (138.17)s, Will finish at: 02/24 08:18:22
22-02-24 06:34:53.060 - INFO: [epoch: 15, iter:1,550,000, lr:(1.199e-04,)] l_pix: 2.0003e-02 
22-02-24 06:34:53.139 - INFO: ======> 1w Iter Time: 146.70 (138.23)s, Will finish at: 02/24 08:18:33
22-02-24 06:37:16.048 - INFO: [epoch: 15, iter:1,560,000, lr:(1.148e-04,)] l_pix: 2.6438e-02 
22-02-24 06:37:16.133 - INFO: ======> 1w Iter Time: 142.99 (138.26)s, Will finish at: 02/24 08:18:39
22-02-24 06:39:36.254 - INFO: [epoch: 15, iter:1,570,000, lr:(1.099e-04,)] l_pix: 2.2556e-02 
22-02-24 06:39:36.345 - INFO: ======> 1w Iter Time: 140.21 (138.27)s, Will finish at: 02/24 08:18:41
22-02-24 06:41:51.824 - INFO: [epoch: 15, iter:1,580,000, lr:(1.050e-04,)] l_pix: 3.3211e-02 
22-02-24 06:41:51.908 - INFO: ======> 1w Iter Time: 135.56 (138.25)s, Will finish at: 02/24 08:18:38
22-02-24 06:44:06.592 - INFO: [epoch: 15, iter:1,590,000, lr:(1.002e-04,)] l_pix: 2.8751e-02 
22-02-24 06:44:08.057 - INFO: ======> 1w Iter Time: 136.15 (138.24)s, Will finish at: 02/24 08:18:35
22-02-24 06:46:23.266 - INFO: [epoch: 16, iter:1,600,000, lr:(9.558e-05,)] l_pix: 1.9493e-02 
22-02-24 06:46:23.347 - INFO: ======> 1w Iter Time: 135.29 (138.22)s, Will finish at: 02/24 08:18:32
22-02-24 06:48:38.573 - INFO: [epoch: 16, iter:1,610,000, lr:(9.102e-05,)] l_pix: 2.6931e-02 
22-02-24 06:48:38.658 - INFO: ======> 1w Iter Time: 135.31 (138.20)s, Will finish at: 02/24 08:18:28
22-02-24 06:50:53.698 - INFO: [epoch: 16, iter:1,620,000, lr:(8.655e-05,)] l_pix: 3.3837e-02 
22-02-24 06:50:53.784 - INFO: ======> 1w Iter Time: 135.13 (138.18)s, Will finish at: 02/24 08:18:24
22-02-24 06:53:08.096 - INFO: [epoch: 16, iter:1,630,000, lr:(8.219e-05,)] l_pix: 2.9169e-02 
22-02-24 06:53:08.185 - INFO: ======> 1w Iter Time: 134.40 (138.16)s, Will finish at: 02/24 08:18:20
22-02-24 06:55:23.033 - INFO: [epoch: 16, iter:1,640,000, lr:(7.793e-05,)] l_pix: 3.1514e-02 
22-02-24 06:55:23.132 - INFO: ======> 1w Iter Time: 134.95 (138.14)s, Will finish at: 02/24 08:18:16
22-02-24 06:57:37.913 - INFO: [epoch: 16, iter:1,650,000, lr:(7.377e-05,)] l_pix: 3.3339e-02 
22-02-24 06:57:37.987 - INFO: ======> 1w Iter Time: 134.85 (138.12)s, Will finish at: 02/24 08:18:12
22-02-24 06:59:52.845 - INFO: [epoch: 16, iter:1,660,000, lr:(6.972e-05,)] l_pix: 1.7704e-02 
22-02-24 06:59:52.934 - INFO: ======> 1w Iter Time: 134.95 (138.10)s, Will finish at: 02/24 08:18:08
22-02-24 07:02:08.961 - INFO: [epoch: 16, iter:1,670,000, lr:(6.578e-05,)] l_pix: 2.0490e-02 
22-02-24 07:02:09.034 - INFO: ======> 1w Iter Time: 136.10 (138.09)s, Will finish at: 02/24 08:18:05
22-02-24 07:04:24.331 - INFO: [epoch: 16, iter:1,680,000, lr:(6.194e-05,)] l_pix: 2.6639e-02 
22-02-24 07:04:24.429 - INFO: ======> 1w Iter Time: 135.40 (138.07)s, Will finish at: 02/24 08:18:02
22-02-24 07:06:38.759 - INFO: [epoch: 16, iter:1,690,000, lr:(5.821e-05,)] l_pix: 2.3974e-02 
22-02-24 07:06:38.832 - INFO: ======> 1w Iter Time: 134.40 (138.05)s, Will finish at: 02/24 08:17:58
22-02-24 07:08:53.283 - INFO: [epoch: 17, iter:1,700,000, lr:(5.459e-05,)] l_pix: 2.3680e-02 
22-02-24 07:08:53.365 - INFO: ======> 1w Iter Time: 134.53 (138.03)s, Will finish at: 02/24 08:17:54
22-02-24 07:11:08.211 - INFO: [epoch: 17, iter:1,710,000, lr:(5.108e-05,)] l_pix: 3.1217e-02 
22-02-24 07:11:08.285 - INFO: ======> 1w Iter Time: 134.92 (138.01)s, Will finish at: 02/24 08:17:50
22-02-24 07:13:23.208 - INFO: [epoch: 17, iter:1,720,000, lr:(4.768e-05,)] l_pix: 2.0706e-02 
22-02-24 07:13:23.294 - INFO: ======> 1w Iter Time: 135.01 (138.00)s, Will finish at: 02/24 08:17:47
22-02-24 07:15:37.372 - INFO: [epoch: 17, iter:1,730,000, lr:(4.439e-05,)] l_pix: 3.4148e-02 
22-02-24 07:15:37.445 - INFO: ======> 1w Iter Time: 134.15 (137.97)s, Will finish at: 02/24 08:17:42
22-02-24 07:17:52.426 - INFO: [epoch: 17, iter:1,740,000, lr:(4.122e-05,)] l_pix: 3.0624e-02 
22-02-24 07:17:52.501 - INFO: ======> 1w Iter Time: 135.06 (137.96)s, Will finish at: 02/24 08:17:39
22-02-24 07:20:07.432 - INFO: [epoch: 17, iter:1,750,000, lr:(3.816e-05,)] l_pix: 2.6100e-02 
22-02-24 07:20:07.522 - INFO: ======> 1w Iter Time: 135.02 (137.94)s, Will finish at: 02/24 08:17:36
22-02-24 07:22:22.565 - INFO: [epoch: 17, iter:1,760,000, lr:(3.521e-05,)] l_pix: 3.0337e-02 
22-02-24 07:22:22.645 - INFO: ======> 1w Iter Time: 135.12 (137.92)s, Will finish at: 02/24 08:17:32
22-02-24 07:24:38.463 - INFO: [epoch: 17, iter:1,770,000, lr:(3.237e-05,)] l_pix: 2.5418e-02 
22-02-24 07:24:38.548 - INFO: ======> 1w Iter Time: 135.90 (137.91)s, Will finish at: 02/24 08:17:30
22-02-24 07:26:52.532 - INFO: [epoch: 17, iter:1,780,000, lr:(2.966e-05,)] l_pix: 3.1489e-02 
22-02-24 07:26:52.623 - INFO: ======> 1w Iter Time: 134.07 (137.89)s, Will finish at: 02/24 08:17:26
22-02-24 07:29:07.545 - INFO: [epoch: 17, iter:1,790,000, lr:(2.705e-05,)] l_pix: 2.2728e-02 
22-02-24 07:29:07.637 - INFO: ======> 1w Iter Time: 135.01 (137.87)s, Will finish at: 02/24 08:17:22
22-02-24 07:31:22.963 - INFO: [epoch: 18, iter:1,800,000, lr:(2.457e-05,)] l_pix: 3.1491e-02 
22-02-24 07:31:23.059 - INFO: ======> 1w Iter Time: 135.42 (137.86)s, Will finish at: 02/24 08:17:20
22-02-24 07:33:37.976 - INFO: [epoch: 18, iter:1,810,000, lr:(2.220e-05,)] l_pix: 2.1405e-02 
22-02-24 07:33:39.535 - INFO: ======> 1w Iter Time: 136.48 (137.85)s, Will finish at: 02/24 08:17:18
22-02-24 07:35:54.504 - INFO: [epoch: 18, iter:1,820,000, lr:(1.995e-05,)] l_pix: 2.6532e-02 
22-02-24 07:35:54.589 - INFO: ======> 1w Iter Time: 135.05 (137.84)s, Will finish at: 02/24 08:17:15
22-02-24 07:38:10.231 - INFO: [epoch: 18, iter:1,830,000, lr:(1.782e-05,)] l_pix: 2.3926e-02 
22-02-24 07:38:10.327 - INFO: ======> 1w Iter Time: 135.74 (137.83)s, Will finish at: 02/24 08:17:13
22-02-24 07:40:24.456 - INFO: [epoch: 18, iter:1,840,000, lr:(1.581e-05,)] l_pix: 2.9530e-02 
22-02-24 07:40:24.541 - INFO: ======> 1w Iter Time: 134.21 (137.81)s, Will finish at: 02/24 08:17:09
22-02-24 07:42:36.373 - INFO: [epoch: 18, iter:1,850,000, lr:(1.391e-05,)] l_pix: 2.9271e-02 
22-02-24 07:42:36.481 - INFO: ======> 1w Iter Time: 131.94 (137.78)s, Will finish at: 02/24 08:17:03
22-02-24 07:44:33.456 - INFO: [epoch: 18, iter:1,860,000, lr:(1.214e-05,)] l_pix: 2.4048e-02 
22-02-24 07:44:33.537 - INFO: ======> 1w Iter Time: 117.06 (137.66)s, Will finish at: 02/24 08:16:40
22-02-24 07:46:32.108 - INFO: [epoch: 18, iter:1,870,000, lr:(1.049e-05,)] l_pix: 3.9086e-02 
22-02-24 07:46:32.202 - INFO: ======> 1w Iter Time: 118.67 (137.56)s, Will finish at: 02/24 08:16:20
22-02-24 07:48:26.483 - INFO: [epoch: 18, iter:1,880,000, lr:(8.955e-06,)] l_pix: 2.9133e-02 
22-02-24 07:48:26.564 - INFO: ======> 1w Iter Time: 114.36 (137.44)s, Will finish at: 02/24 08:15:55
22-02-24 07:50:19.533 - INFO: [epoch: 18, iter:1,890,000, lr:(7.545e-06,)] l_pix: 2.3760e-02 
22-02-24 07:50:19.624 - INFO: ======> 1w Iter Time: 113.06 (137.31)s, Will finish at: 02/24 08:15:30
22-02-24 07:52:13.695 - INFO: [epoch: 19, iter:1,900,000, lr:(6.255e-06,)] l_pix: 1.6217e-02 
22-02-24 07:52:13.785 - INFO: ======> 1w Iter Time: 114.16 (137.19)s, Will finish at: 02/24 08:15:05
22-02-24 07:54:05.863 - INFO: [epoch: 19, iter:1,910,000, lr:(5.088e-06,)] l_pix: 2.2376e-02 
22-02-24 07:54:06.281 - INFO: ======> 1w Iter Time: 112.50 (137.06)s, Will finish at: 02/24 08:14:39
22-02-24 07:55:57.989 - INFO: [epoch: 19, iter:1,920,000, lr:(4.042e-06,)] l_pix: 3.4114e-02 
22-02-24 07:55:58.073 - INFO: ======> 1w Iter Time: 111.79 (136.93)s, Will finish at: 02/24 08:14:13
22-02-24 07:57:48.629 - INFO: [epoch: 19, iter:1,930,000, lr:(3.119e-06,)] l_pix: 2.0875e-02 
22-02-24 07:57:48.726 - INFO: ======> 1w Iter Time: 110.65 (136.79)s, Will finish at: 02/24 08:13:46
22-02-24 07:59:40.328 - INFO: [epoch: 19, iter:1,940,000, lr:(2.319e-06,)] l_pix: 3.0092e-02 
22-02-24 07:59:40.423 - INFO: ======> 1w Iter Time: 111.70 (136.66)s, Will finish at: 02/24 08:13:20
22-02-24 08:01:32.354 - INFO: [epoch: 19, iter:1,950,000, lr:(1.641e-06,)] l_pix: 2.4364e-02 
22-02-24 08:01:32.435 - INFO: ======> 1w Iter Time: 112.01 (136.54)s, Will finish at: 02/24 08:12:55
22-02-24 08:03:24.208 - INFO: [epoch: 19, iter:1,960,000, lr:(1.087e-06,)] l_pix: 2.8042e-02 
22-02-24 08:03:24.301 - INFO: ======> 1w Iter Time: 111.87 (136.41)s, Will finish at: 02/24 08:12:29
22-02-24 08:05:15.223 - INFO: [epoch: 19, iter:1,970,000, lr:(6.550e-07,)] l_pix: 3.1727e-02 
22-02-24 08:05:15.294 - INFO: ======> 1w Iter Time: 110.99 (136.28)s, Will finish at: 02/24 08:12:04
22-02-24 08:07:06.206 - INFO: [epoch: 19, iter:1,980,000, lr:(3.467e-07,)] l_pix: 2.2912e-02 
22-02-24 08:07:06.324 - INFO: ======> 1w Iter Time: 111.03 (136.15)s, Will finish at: 02/24 08:11:38
22-02-24 08:08:57.247 - INFO: [epoch: 19, iter:1,990,000, lr:(1.617e-07,)] l_pix: 2.4803e-02 
22-02-24 08:08:57.326 - INFO: ======> 1w Iter Time: 111.00 (136.03)s, Will finish at: 02/24 08:11:13
22-02-24 08:10:49.179 - INFO: [epoch: 20, iter:2,000,000, lr:(1.000e-07,)] l_pix: 1.7087e-02 
22-02-24 08:10:49.293 - INFO: ======> 1w Iter Time: 111.97 (135.91)s, Will finish at: 02/24 08:10:49
22-02-24 08:10:49.867 - INFO: Saving the final model.
22-02-24 08:10:49.922 - INFO: End of training.