22-02-23 00:04:00.670 - INFO: Dataset [LQGTDataset - DIV2K] is created.
22-02-23 00:04:00.670 - INFO: Number of train images: 1,594,077, iters: 99,630
22-02-23 00:04:00.671 - INFO: Total epochs needed: 21 for iters 2,000,000
22-02-23 00:04:00.671 - INFO: Dataset [LQGTDataset - DIV2K_valid_10] is created.
22-02-23 00:04:00.671 - INFO: Number of test images in [DIV2K_valid_10]: 10
22-02-23 00:04:00.871 - INFO: Dataset [LQGTDataset - DIV2K_valid_sub] is created.
22-02-23 00:04:00.872 - INFO: Number of val images in [DIV2K_valid_sub]: 22194
22-02-23 00:04:00.873 - INFO: Dataset [LQGTDataset - test2k] is created.
22-02-23 00:04:00.873 - INFO: Number of test images in [test2k]: 100
22-02-23 00:04:03.334 - INFO: Network G structure: US_MSRResNet, with parameters: 1,517,571
22-02-23 00:04:03.335 - INFO: US_MSRResNet(
  (conv_first): USConv2d(3, 64, kernel_size=(3, 3), stride=(1, 1), padding=(1, 1))
  (recon_trunk): Sequential(
    (0): ResidualBlock_noBN(
      (conv1): USConv2d(64, 64, kernel_size=(3, 3), stride=(1, 1), padding=(1, 1))
      (conv2): USConv2d(64, 64, kernel_size=(3, 3), stride=(1, 1), padding=(1, 1))
    )
    (1): ResidualBlock_noBN(
      (conv1): USConv2d(64, 64, kernel_size=(3, 3), stride=(1, 1), padding=(1, 1))
      (conv2): USConv2d(64, 64, kernel_size=(3, 3), stride=(1, 1), padding=(1, 1))
    )
    (2): ResidualBlock_noBN(
      (conv1): USConv2d(64, 64, kernel_size=(3, 3), stride=(1, 1), padding=(1, 1))
      (conv2): USConv2d(64, 64, kernel_size=(3, 3), stride=(1, 1), padding=(1, 1))
    )
    (3): ResidualBlock_noBN(
      (conv1): USConv2d(64, 64, kernel_size=(3, 3), stride=(1, 1), padding=(1, 1))
      (conv2): USConv2d(64, 64, kernel_size=(3, 3), stride=(1, 1), padding=(1, 1))
    )
    (4): ResidualBlock_noBN(
      (conv1): USConv2d(64, 64, kernel_size=(3, 3), stride=(1, 1), padding=(1, 1))
      (conv2): USConv2d(64, 64, kernel_size=(3, 3), stride=(1, 1), padding=(1, 1))
    )
    (5): ResidualBlock_noBN(
      (conv1): USConv2d(64, 64, kernel_size=(3, 3), stride=(1, 1), padding=(1, 1))
      (conv2): USConv2d(64, 64, kernel_size=(3, 3), stride=(1, 1), padding=(1, 1))
    )
    (6): ResidualBlock_noBN(
      (conv1): USConv2d(64, 64, kernel_size=(3, 3), stride=(1, 1), padding=(1, 1))
      (conv2): USConv2d(64, 64, kernel_size=(3, 3), stride=(1, 1), padding=(1, 1))
    )
    (7): ResidualBlock_noBN(
      (conv1): USConv2d(64, 64, kernel_size=(3, 3), stride=(1, 1), padding=(1, 1))
      (conv2): USConv2d(64, 64, kernel_size=(3, 3), stride=(1, 1), padding=(1, 1))
    )
    (8): ResidualBlock_noBN(
      (conv1): USConv2d(64, 64, kernel_size=(3, 3), stride=(1, 1), padding=(1, 1))
      (conv2): USConv2d(64, 64, kernel_size=(3, 3), stride=(1, 1), padding=(1, 1))
    )
    (9): ResidualBlock_noBN(
      (conv1): USConv2d(64, 64, kernel_size=(3, 3), stride=(1, 1), padding=(1, 1))
      (conv2): USConv2d(64, 64, kernel_size=(3, 3), stride=(1, 1), padding=(1, 1))
    )
    (10): ResidualBlock_noBN(
      (conv1): USConv2d(64, 64, kernel_size=(3, 3), stride=(1, 1), padding=(1, 1))
      (conv2): USConv2d(64, 64, kernel_size=(3, 3), stride=(1, 1), padding=(1, 1))
    )
    (11): ResidualBlock_noBN(
      (conv1): USConv2d(64, 64, kernel_size=(3, 3), stride=(1, 1), padding=(1, 1))
      (conv2): USConv2d(64, 64, kernel_size=(3, 3), stride=(1, 1), padding=(1, 1))
    )
    (12): ResidualBlock_noBN(
      (conv1): USConv2d(64, 64, kernel_size=(3, 3), stride=(1, 1), padding=(1, 1))
      (conv2): USConv2d(64, 64, kernel_size=(3, 3), stride=(1, 1), padding=(1, 1))
    )
    (13): ResidualBlock_noBN(
      (conv1): USConv2d(64, 64, kernel_size=(3, 3), stride=(1, 1), padding=(1, 1))
      (conv2): USConv2d(64, 64, kernel_size=(3, 3), stride=(1, 1), padding=(1, 1))
    )
    (14): ResidualBlock_noBN(
      (conv1): USConv2d(64, 64, kernel_size=(3, 3), stride=(1, 1), padding=(1, 1))
      (conv2): USConv2d(64, 64, kernel_size=(3, 3), stride=(1, 1), padding=(1, 1))
    )
    (15): ResidualBlock_noBN(
      (conv1): USConv2d(64, 64, kernel_size=(3, 3), stride=(1, 1), padding=(1, 1))
      (conv2): USConv2d(64, 64, kernel_size=(3, 3), stride=(1, 1), padding=(1, 1))
    )
  )
  (upconv1): USConv2d(64, 256, kernel_size=(3, 3), stride=(1, 1), padding=(1, 1))
  (upconv2): USConv2d(64, 256, kernel_size=(3, 3), stride=(1, 1), padding=(1, 1))
  (pixel_shuffle): PixelShuffle(upscale_factor=2)
  (HRconv): USConv2d(64, 64, kernel_size=(3, 3), stride=(1, 1), padding=(1, 1))
  (conv_last): USConv2d(64, 3, kernel_size=(3, 3), stride=(1, 1), padding=(1, 1))
  (lrelu): LeakyReLU(negative_slope=0.1, inplace=True)
)
22-02-23 00:04:03.337 - INFO: Model [USSR_Model] is created.
22-02-23 00:04:04.699 - INFO: --- cost_list:[0.0, 1658216448.0, 3438010368.0, 5193990144.0] ---
22-02-23 00:04:04.699 - INFO: Start training from epoch: 0, iter: 0
22-02-23 00:14:04.330 - INFO: ======> 1w Iter Time: 599.63 (599.63)s, Will finish at: 02/24 09:22:50
22-02-23 00:24:02.652 - INFO: [epoch:  0, iter:  20,000, lr:(2.000e-04,)] l_pix: 3.1020e-02 
22-02-23 00:24:02.792 - INFO: ======> 1w Iter Time: 598.46 (599.05)s, Will finish at: 02/24 09:20:53
22-02-23 00:34:01.626 - INFO: ======> 1w Iter Time: 598.83 (598.98)s, Will finish at: 02/24 09:20:39
22-02-23 00:44:02.560 - INFO: [epoch:  0, iter:  40,000, lr:(1.998e-04,)] l_pix: 2.6503e-02 
22-02-23 00:44:02.726 - INFO: ======> 1w Iter Time: 601.10 (599.51)s, Will finish at: 02/24 09:22:25
22-02-23 00:54:01.005 - INFO: ======> 1w Iter Time: 598.28 (599.26)s, Will finish at: 02/24 09:21:36
22-02-23 01:03:58.893 - INFO: [epoch:  0, iter:  60,000, lr:(1.996e-04,)] l_pix: 2.5147e-02 
22-02-23 01:03:59.032 - INFO: ======> 1w Iter Time: 598.03 (599.06)s, Will finish at: 02/24 09:20:55
22-02-23 01:13:55.605 - INFO: ======> 1w Iter Time: 596.57 (598.70)s, Will finish at: 02/24 09:19:44
22-02-23 01:23:54.823 - INFO: [epoch:  0, iter:  80,000, lr:(1.992e-04,)] l_pix: 2.1967e-02 
22-02-23 01:23:55.399 - INFO: ======> 1w Iter Time: 599.79 (598.84)s, Will finish at: 02/24 09:20:12
22-02-23 01:33:54.795 - INFO: ======> 1w Iter Time: 599.40 (598.90)s, Will finish at: 02/24 09:20:24
22-02-23 01:43:55.088 - INFO: [epoch:  1, iter: 100,000, lr:(1.988e-04,)] l_pix: 3.9003e-02 
22-02-23 01:43:55.927 - INFO: ======> 1w Iter Time: 601.13 (599.12)s, Will finish at: 02/24 09:21:09
22-02-23 01:53:55.544 - INFO: ======> 1w Iter Time: 599.62 (599.17)s, Will finish at: 02/24 09:21:18
22-02-23 02:03:53.680 - INFO: [epoch:  1, iter: 120,000, lr:(1.982e-04,)] l_pix: 2.3898e-02 
22-02-23 02:03:53.844 - INFO: ======> 1w Iter Time: 598.30 (599.10)s, Will finish at: 02/24 09:21:03
22-02-23 02:13:51.856 - INFO: ======> 1w Iter Time: 598.01 (599.01)s, Will finish at: 02/24 09:20:47
22-02-23 02:23:49.872 - INFO: [epoch:  1, iter: 140,000, lr:(1.976e-04,)] l_pix: 2.7035e-02 
22-02-23 02:23:50.004 - INFO: ======> 1w Iter Time: 598.15 (598.95)s, Will finish at: 02/24 09:20:34
22-02-23 02:33:46.934 - INFO: ======> 1w Iter Time: 596.93 (598.82)s, Will finish at: 02/24 09:20:07
22-02-23 02:43:43.324 - INFO: [epoch:  1, iter: 160,000, lr:(1.969e-04,)] l_pix: 1.8601e-02 
22-02-23 02:43:43.473 - INFO: ======> 1w Iter Time: 596.54 (598.67)s, Will finish at: 02/24 09:19:39
22-02-23 02:53:43.317 - INFO: ======> 1w Iter Time: 599.84 (598.74)s, Will finish at: 02/24 09:19:53
22-02-23 03:03:42.078 - INFO: [epoch:  1, iter: 180,000, lr:(1.960e-04,)] l_pix: 2.3180e-02 
22-02-23 03:03:42.242 - INFO: ======> 1w Iter Time: 598.92 (598.75)s, Will finish at: 02/24 09:19:55
22-02-23 03:13:41.304 - INFO: ======> 1w Iter Time: 599.06 (598.77)s, Will finish at: 02/24 09:19:58
22-02-23 03:23:41.128 - INFO: [epoch:  2, iter: 200,000, lr:(1.951e-04,)] l_pix: 2.0061e-02 
22-02-23 03:23:41.278 - INFO: ======> 1w Iter Time: 599.97 (598.83)s, Will finish at: 02/24 09:20:10
22-02-23 03:33:41.273 - INFO: ======> 1w Iter Time: 599.99 (598.88)s, Will finish at: 02/24 09:20:21
22-02-23 03:43:42.116 - INFO: [epoch:  2, iter: 220,000, lr:(1.941e-04,)] l_pix: 2.2652e-02 
22-02-23 03:43:42.514 - INFO: ======> 1w Iter Time: 601.24 (598.99)s, Will finish at: 02/24 09:20:42
22-02-23 03:53:42.988 - INFO: ======> 1w Iter Time: 600.47 (599.06)s, Will finish at: 02/24 09:20:55
22-02-23 04:03:41.762 - INFO: [epoch:  2, iter: 240,000, lr:(1.930e-04,)] l_pix: 3.5565e-02 
22-02-23 04:03:41.955 - INFO: ======> 1w Iter Time: 598.97 (599.05)s, Will finish at: 02/24 09:20:55
22-02-23 04:13:43.112 - INFO: ======> 1w Iter Time: 601.16 (599.14)s, Will finish at: 02/24 09:21:11
22-02-23 04:23:40.825 - INFO: [epoch:  2, iter: 260,000, lr:(1.918e-04,)] l_pix: 3.5245e-02 
22-02-23 04:23:41.004 - INFO: ======> 1w Iter Time: 597.89 (599.09)s, Will finish at: 02/24 09:21:02
22-02-23 04:33:40.339 - INFO: ======> 1w Iter Time: 599.33 (599.10)s, Will finish at: 02/24 09:21:04
22-02-23 04:43:39.852 - INFO: [epoch:  2, iter: 280,000, lr:(1.905e-04,)] l_pix: 2.4732e-02 
22-02-23 04:43:40.000 - INFO: ======> 1w Iter Time: 599.66 (599.12)s, Will finish at: 02/24 09:21:08
22-02-23 04:53:39.331 - INFO: ======> 1w Iter Time: 599.33 (599.13)s, Will finish at: 02/24 09:21:09
22-02-23 05:03:39.150 - INFO: [epoch:  3, iter: 300,000, lr:(1.891e-04,)] l_pix: 1.7498e-02 
22-02-23 05:03:39.307 - INFO: ======> 1w Iter Time: 599.98 (599.15)s, Will finish at: 02/24 09:21:15
22-02-23 05:13:39.600 - INFO: ======> 1w Iter Time: 600.29 (599.19)s, Will finish at: 02/24 09:21:22
22-02-23 05:23:39.803 - INFO: [epoch:  3, iter: 320,000, lr:(1.876e-04,)] l_pix: 2.3202e-02 
22-02-23 05:23:40.330 - INFO: ======> 1w Iter Time: 600.73 (599.24)s, Will finish at: 02/24 09:21:32
22-02-23 05:33:39.079 - INFO: ======> 1w Iter Time: 598.75 (599.22)s, Will finish at: 02/24 09:21:29
22-02-23 05:43:37.525 - INFO: [epoch:  3, iter: 340,000, lr:(1.861e-04,)] l_pix: 2.6158e-02 
22-02-23 05:43:37.799 - INFO: ======> 1w Iter Time: 598.72 (599.21)s, Will finish at: 02/24 09:21:26
22-02-23 05:53:37.740 - INFO: ======> 1w Iter Time: 599.94 (599.23)s, Will finish at: 02/24 09:21:30
22-02-23 06:03:37.262 - INFO: [epoch:  3, iter: 360,000, lr:(1.844e-04,)] l_pix: 1.6846e-02 
22-02-23 06:03:37.403 - INFO: ======> 1w Iter Time: 599.66 (599.24)s, Will finish at: 02/24 09:21:32
22-02-23 06:13:37.299 - INFO: ======> 1w Iter Time: 599.90 (599.26)s, Will finish at: 02/24 09:21:36
22-02-23 06:23:37.416 - INFO: [epoch:  3, iter: 380,000, lr:(1.827e-04,)] l_pix: 3.5967e-02 
22-02-23 06:23:37.586 - INFO: ======> 1w Iter Time: 600.29 (599.29)s, Will finish at: 02/24 09:21:41
22-02-23 06:33:36.595 - INFO: ======> 1w Iter Time: 599.01 (599.28)s, Will finish at: 02/24 09:21:40
22-02-23 06:43:36.921 - INFO: [epoch:  4, iter: 400,000, lr:(1.809e-04,)] l_pix: 2.3939e-02 
22-02-23 06:43:37.951 - INFO: ======> 1w Iter Time: 601.36 (599.33)s, Will finish at: 02/24 09:21:50
22-02-23 06:53:38.506 - INFO: ======> 1w Iter Time: 600.55 (599.36)s, Will finish at: 02/24 09:21:56
22-02-23 07:03:37.581 - INFO: [epoch:  4, iter: 420,000, lr:(1.790e-04,)] l_pix: 2.9692e-02 
22-02-23 07:03:38.112 - INFO: ======> 1w Iter Time: 599.61 (599.37)s, Will finish at: 02/24 09:21:58
22-02-23 07:13:36.150 - INFO: ======> 1w Iter Time: 598.04 (599.34)s, Will finish at: 02/24 09:21:51
22-02-23 07:23:33.903 - INFO: [epoch:  4, iter: 440,000, lr:(1.771e-04,)] l_pix: 3.1459e-02 
22-02-23 07:23:34.550 - INFO: ======> 1w Iter Time: 598.40 (599.31)s, Will finish at: 02/24 09:21:47
22-02-23 07:33:33.341 - INFO: ======> 1w Iter Time: 598.79 (599.30)s, Will finish at: 02/24 09:21:45
22-02-23 07:43:32.860 - INFO: [epoch:  4, iter: 460,000, lr:(1.750e-04,)] l_pix: 3.0888e-02 
22-02-23 07:43:33.028 - INFO: ======> 1w Iter Time: 599.69 (599.31)s, Will finish at: 02/24 09:21:46
22-02-23 07:53:31.724 - INFO: ======> 1w Iter Time: 598.70 (599.30)s, Will finish at: 02/24 09:21:44
22-02-23 08:03:30.630 - INFO: [epoch:  4, iter: 480,000, lr:(1.729e-04,)] l_pix: 2.0472e-02 
22-02-23 08:03:30.775 - INFO: ======> 1w Iter Time: 599.05 (599.29)s, Will finish at: 02/24 09:21:43
22-02-23 08:13:28.993 - INFO: ======> 1w Iter Time: 598.22 (599.27)s, Will finish at: 02/24 09:21:38
22-02-23 08:23:27.868 - INFO: [epoch:  5, iter: 500,000, lr:(1.707e-04,)] l_pix: 2.9639e-02 
22-02-23 08:23:28.026 - INFO: ======> 1w Iter Time: 599.03 (599.27)s, Will finish at: 02/24 09:21:37
22-02-23 08:33:26.474 - INFO: ======> 1w Iter Time: 598.45 (599.25)s, Will finish at: 02/24 09:21:34
22-02-23 08:43:25.065 - INFO: [epoch:  5, iter: 520,000, lr:(1.685e-04,)] l_pix: 2.1403e-02 
22-02-23 08:43:25.220 - INFO: ======> 1w Iter Time: 598.75 (599.24)s, Will finish at: 02/24 09:21:32
22-02-23 08:53:26.247 - INFO: ======> 1w Iter Time: 601.03 (599.27)s, Will finish at: 02/24 09:21:39
22-02-23 09:03:25.815 - INFO: [epoch:  5, iter: 540,000, lr:(1.661e-04,)] l_pix: 3.7243e-02 
22-02-23 09:03:27.561 - INFO: ======> 1w Iter Time: 601.31 (599.31)s, Will finish at: 02/24 09:21:47
22-02-23 09:13:26.431 - INFO: ======> 1w Iter Time: 598.87 (599.30)s, Will finish at: 02/24 09:21:45
22-02-23 09:23:25.180 - INFO: [epoch:  5, iter: 560,000, lr:(1.638e-04,)] l_pix: 2.3130e-02 
22-02-23 09:23:25.355 - INFO: ======> 1w Iter Time: 598.92 (599.30)s, Will finish at: 02/24 09:21:44
22-02-23 09:33:23.975 - INFO: ======> 1w Iter Time: 598.62 (599.29)s, Will finish at: 02/24 09:21:41
22-02-23 09:43:23.208 - INFO: [epoch:  5, iter: 580,000, lr:(1.613e-04,)] l_pix: 2.7776e-02 
22-02-23 09:43:23.359 - INFO: ======> 1w Iter Time: 599.38 (599.29)s, Will finish at: 02/24 09:21:42
22-02-23 09:53:22.956 - INFO: ======> 1w Iter Time: 599.60 (599.29)s, Will finish at: 02/24 09:21:43
22-02-23 10:03:21.237 - INFO: [epoch:  6, iter: 600,000, lr:(1.588e-04,)] l_pix: 1.9894e-02 
22-02-23 10:03:21.401 - INFO: ======> 1w Iter Time: 598.45 (599.28)s, Will finish at: 02/24 09:21:40
22-02-23 10:13:20.648 - INFO: ======> 1w Iter Time: 599.25 (599.28)s, Will finish at: 02/24 09:21:40
22-02-23 10:23:20.444 - INFO: [epoch:  6, iter: 620,000, lr:(1.562e-04,)] l_pix: 2.8100e-02 
22-02-23 10:23:20.727 - INFO: ======> 1w Iter Time: 600.08 (599.29)s, Will finish at: 02/24 09:21:42
22-02-23 10:33:20.494 - INFO: ======> 1w Iter Time: 599.77 (599.30)s, Will finish at: 02/24 09:21:44
22-02-23 10:42:16.246 - INFO: [epoch:  6, iter: 640,000, lr:(1.536e-04,)] l_pix: 1.4593e-02 
22-02-23 10:42:16.446 - INFO: ======> 1w Iter Time: 535.95 (598.31)s, Will finish at: 02/24 09:18:26
22-02-23 10:49:26.098 - INFO: ======> 1w Iter Time: 429.65 (595.71)s, Will finish at: 02/24 09:09:47
22-02-23 10:56:17.595 - INFO: [epoch:  6, iter: 660,000, lr:(1.509e-04,)] l_pix: 2.0241e-02 
22-02-23 10:56:17.792 - INFO: ======> 1w Iter Time: 411.69 (592.93)s, Will finish at: 02/24 09:00:29
22-02-23 11:03:08.350 - INFO: ======> 1w Iter Time: 410.56 (590.20)s, Will finish at: 02/24 08:51:25
22-02-23 11:10:00.604 - INFO: [epoch:  6, iter: 680,000, lr:(1.482e-04,)] l_pix: 2.4788e-02 
22-02-23 11:10:01.963 - INFO: ======> 1w Iter Time: 413.61 (587.61)s, Will finish at: 02/24 08:42:46
22-02-23 11:16:51.092 - INFO: ======> 1w Iter Time: 409.13 (585.02)s, Will finish at: 02/24 08:34:08
22-02-23 11:23:42.000 - INFO: [epoch:  7, iter: 700,000, lr:(1.454e-04,)] l_pix: 1.9306e-02 
22-02-23 11:23:42.141 - INFO: ======> 1w Iter Time: 411.05 (582.53)s, Will finish at: 02/24 08:25:51
22-02-23 11:30:31.893 - INFO: ======> 1w Iter Time: 409.75 (580.10)s, Will finish at: 02/24 08:17:44
22-02-23 11:37:21.267 - INFO: [epoch:  7, iter: 720,000, lr:(1.426e-04,)] l_pix: 1.3801e-02 
22-02-23 11:37:21.611 - INFO: ======> 1w Iter Time: 409.72 (577.73)s, Will finish at: 02/24 08:09:51
22-02-23 11:44:11.416 - INFO: ======> 1w Iter Time: 409.81 (575.43)s, Will finish at: 02/24 08:02:11
22-02-23 11:51:00.917 - INFO: [epoch:  7, iter: 740,000, lr:(1.397e-04,)] l_pix: 2.6087e-02 
22-02-23 11:51:02.285 - INFO: ======> 1w Iter Time: 410.87 (573.21)s, Will finish at: 02/24 07:54:46
22-02-23 11:57:52.986 - INFO: ======> 1w Iter Time: 410.70 (571.04)s, Will finish at: 02/24 07:47:33
22-02-23 12:04:42.551 - INFO: [epoch:  7, iter: 760,000, lr:(1.368e-04,)] l_pix: 1.9061e-02 
22-02-23 12:04:42.773 - INFO: ======> 1w Iter Time: 409.79 (568.92)s, Will finish at: 02/24 07:40:29
22-02-23 12:11:32.174 - INFO: ======> 1w Iter Time: 409.40 (566.85)s, Will finish at: 02/24 07:33:34
22-02-23 12:18:21.927 - INFO: [epoch:  7, iter: 780,000, lr:(1.339e-04,)] l_pix: 2.3429e-02 
22-02-23 12:18:22.103 - INFO: ======> 1w Iter Time: 409.93 (564.84)s, Will finish at: 02/24 07:26:52
22-02-23 12:25:12.756 - INFO: ======> 1w Iter Time: 410.65 (562.89)s, Will finish at: 02/24 07:20:21
22-02-23 12:32:04.900 - INFO: [epoch:  8, iter: 800,000, lr:(1.309e-04,)] l_pix: 1.3077e-02 
22-02-23 12:32:05.549 - INFO: ======> 1w Iter Time: 412.79 (561.01)s, Will finish at: 02/24 07:14:06
22-02-23 12:38:57.282 - INFO: ======> 1w Iter Time: 411.73 (559.17)s, Will finish at: 02/24 07:07:58
22-02-23 12:45:46.693 - INFO: [epoch:  8, iter: 820,000, lr:(1.279e-04,)] l_pix: 1.7652e-02 
22-02-23 12:45:47.072 - INFO: ======> 1w Iter Time: 409.79 (557.35)s, Will finish at: 02/24 07:01:53
22-02-23 12:52:37.403 - INFO: ======> 1w Iter Time: 410.33 (555.57)s, Will finish at: 02/24 06:55:59
22-02-23 12:59:27.534 - INFO: [epoch:  8, iter: 840,000, lr:(1.249e-04,)] l_pix: 1.6230e-02 
22-02-23 12:59:27.791 - INFO: ======> 1w Iter Time: 410.39 (553.85)s, Will finish at: 02/24 06:50:13
22-02-23 13:06:16.889 - INFO: ======> 1w Iter Time: 409.10 (552.14)s, Will finish at: 02/24 06:44:33
22-02-23 13:13:05.358 - INFO: [epoch:  8, iter: 860,000, lr:(1.219e-04,)] l_pix: 2.1402e-02 
22-02-23 13:13:05.788 - INFO: ======> 1w Iter Time: 408.90 (550.48)s, Will finish at: 02/24 06:39:00
22-02-23 13:19:55.544 - INFO: ======> 1w Iter Time: 409.76 (548.86)s, Will finish at: 02/24 06:33:36
22-02-23 13:26:45.068 - INFO: [epoch:  8, iter: 880,000, lr:(1.188e-04,)] l_pix: 1.9702e-02 
22-02-23 13:26:45.218 - INFO: ======> 1w Iter Time: 409.67 (547.28)s, Will finish at: 02/24 06:28:20
22-02-23 13:33:34.826 - INFO: ======> 1w Iter Time: 409.61 (545.73)s, Will finish at: 02/24 06:23:10
22-02-23 13:40:25.087 - INFO: [epoch:  9, iter: 900,000, lr:(1.157e-04,)] l_pix: 2.2623e-02 
22-02-23 13:40:25.231 - INFO: ======> 1w Iter Time: 410.41 (544.23)s, Will finish at: 02/24 06:18:10
22-02-23 13:47:15.411 - INFO: ======> 1w Iter Time: 410.18 (542.76)s, Will finish at: 02/24 06:13:15
22-02-23 13:54:06.286 - INFO: [epoch:  9, iter: 920,000, lr:(1.126e-04,)] l_pix: 2.9359e-02 
22-02-23 13:54:06.432 - INFO: ======> 1w Iter Time: 411.02 (541.32)s, Will finish at: 02/24 06:08:29
22-02-23 14:00:55.371 - INFO: ======> 1w Iter Time: 408.94 (539.90)s, Will finish at: 02/24 06:03:44
22-02-23 14:07:44.566 - INFO: [epoch:  9, iter: 940,000, lr:(1.095e-04,)] l_pix: 2.6948e-02 
22-02-23 14:07:44.711 - INFO: ======> 1w Iter Time: 409.34 (538.51)s, Will finish at: 02/24 05:59:06
22-02-23 14:14:35.012 - INFO: ======> 1w Iter Time: 410.30 (537.16)s, Will finish at: 02/24 05:54:36
22-02-23 14:21:25.153 - INFO: [epoch:  9, iter: 960,000, lr:(1.063e-04,)] l_pix: 2.2000e-02 
22-02-23 14:21:25.322 - INFO: ======> 1w Iter Time: 410.31 (535.84)s, Will finish at: 02/24 05:50:12
22-02-23 14:28:15.604 - INFO: ======> 1w Iter Time: 410.28 (534.55)s, Will finish at: 02/24 05:45:53
22-02-23 14:35:05.984 - INFO: [epoch:  9, iter: 980,000, lr:(1.032e-04,)] l_pix: 1.8655e-02 
22-02-23 14:35:06.161 - INFO: ======> 1w Iter Time: 410.56 (533.28)s, Will finish at: 02/24 05:41:40
22-02-23 14:41:56.964 - INFO: ======> 1w Iter Time: 410.80 (532.04)s, Will finish at: 02/24 05:37:33
22-02-23 14:48:47.389 - INFO: [epoch: 10, iter:1,000,000, lr:(1.000e-04,)] l_pix: 1.2004e-02 
22-02-23 14:48:47.716 - INFO: ======> 1w Iter Time: 410.75 (530.83)s, Will finish at: 02/24 05:33:30
22-02-23 14:55:39.141 - INFO: ======> 1w Iter Time: 411.42 (529.65)s, Will finish at: 02/24 05:29:34
22-02-23 15:02:28.114 - INFO: [epoch: 10, iter:1,020,000, lr:(9.691e-05,)] l_pix: 1.4954e-02 
22-02-23 15:02:29.084 - INFO: ======> 1w Iter Time: 409.94 (528.47)s, Will finish at: 02/24 05:25:39
22-02-23 15:09:17.916 - INFO: ======> 1w Iter Time: 408.83 (527.31)s, Will finish at: 02/24 05:21:47
22-02-23 15:16:07.575 - INFO: [epoch: 10, iter:1,040,000, lr:(9.377e-05,)] l_pix: 2.1180e-02 
22-02-23 15:16:08.255 - INFO: ======> 1w Iter Time: 410.34 (526.19)s, Will finish at: 02/24 05:18:02
22-02-23 15:22:58.019 - INFO: ======> 1w Iter Time: 409.76 (525.08)s, Will finish at: 02/24 05:14:20
22-02-23 15:29:47.111 - INFO: [epoch: 10, iter:1,060,000, lr:(9.064e-05,)] l_pix: 2.3782e-02 
22-02-23 15:29:47.245 - INFO: ======> 1w Iter Time: 409.23 (523.99)s, Will finish at: 02/24 05:10:41
22-02-23 15:36:35.926 - INFO: ======> 1w Iter Time: 408.68 (522.91)s, Will finish at: 02/24 05:07:06
22-02-23 15:43:25.796 - INFO: [epoch: 10, iter:1,080,000, lr:(8.752e-05,)] l_pix: 1.9961e-02 
22-02-23 15:43:25.942 - INFO: ======> 1w Iter Time: 410.02 (521.86)s, Will finish at: 02/24 05:03:37
22-02-23 15:50:15.726 - INFO: ======> 1w Iter Time: 409.78 (520.84)s, Will finish at: 02/24 05:00:11
22-02-23 15:57:07.767 - INFO: [epoch: 11, iter:1,100,000, lr:(8.441e-05,)] l_pix: 1.6417e-02 
22-02-23 15:57:08.389 - INFO: ======> 1w Iter Time: 412.66 (519.85)s, Will finish at: 02/24 04:56:54
22-02-23 16:04:00.105 - INFO: ======> 1w Iter Time: 411.72 (518.88)s, Will finish at: 02/24 04:53:40
22-02-23 16:10:57.041 - INFO: [epoch: 11, iter:1,120,000, lr:(8.132e-05,)] l_pix: 2.1666e-02 
22-02-23 16:10:57.388 - INFO: ======> 1w Iter Time: 417.28 (517.97)s, Will finish at: 02/24 04:50:38
22-02-23 16:17:47.010 - INFO: ======> 1w Iter Time: 409.62 (517.01)s, Will finish at: 02/24 04:47:26
22-02-23 16:24:36.214 - INFO: [epoch: 11, iter:1,140,000, lr:(7.825e-05,)] l_pix: 2.1133e-02 
22-02-23 16:24:36.518 - INFO: ======> 1w Iter Time: 409.51 (516.07)s, Will finish at: 02/24 04:44:18
22-02-23 16:31:29.067 - INFO: ======> 1w Iter Time: 412.55 (515.17)s, Will finish at: 02/24 04:41:18
22-02-23 16:38:21.393 - INFO: [epoch: 11, iter:1,160,000, lr:(7.519e-05,)] l_pix: 2.6764e-02 
22-02-23 16:38:21.597 - INFO: ======> 1w Iter Time: 412.53 (514.28)s, Will finish at: 02/24 04:38:21
22-02-23 16:45:14.129 - INFO: ======> 1w Iter Time: 412.53 (513.41)s, Will finish at: 02/24 04:35:27
22-02-23 16:52:06.554 - INFO: [epoch: 11, iter:1,180,000, lr:(7.216e-05,)] l_pix: 2.4138e-02 
22-02-23 16:52:07.864 - INFO: ======> 1w Iter Time: 413.74 (512.57)s, Will finish at: 02/24 04:32:38
22-02-23 16:59:01.024 - INFO: ======> 1w Iter Time: 413.16 (511.73)s, Will finish at: 02/24 04:29:51
22-02-23 17:05:54.218 - INFO: [epoch: 12, iter:1,200,000, lr:(6.916e-05,)] l_pix: 2.8650e-02 
22-02-23 17:06:19.334 - INFO: ======> 1w Iter Time: 438.31 (511.12)s, Will finish at: 02/24 04:27:49
22-02-23 17:13:11.249 - INFO: ======> 1w Iter Time: 411.92 (510.30)s, Will finish at: 02/24 04:25:05
22-02-23 17:20:03.172 - INFO: [epoch: 12, iter:1,220,000, lr:(6.619e-05,)] l_pix: 2.4302e-02 
22-02-23 17:20:04.501 - INFO: ======> 1w Iter Time: 413.25 (509.51)s, Will finish at: 02/24 04:22:25
22-02-23 17:26:56.448 - INFO: ======> 1w Iter Time: 411.95 (508.71)s, Will finish at: 02/24 04:19:47
22-02-23 17:33:47.693 - INFO: [epoch: 12, iter:1,240,000, lr:(6.326e-05,)] l_pix: 2.5266e-02 
22-02-23 17:33:47.946 - INFO: ======> 1w Iter Time: 411.50 (507.93)s, Will finish at: 02/24 04:17:10
22-02-23 17:40:39.164 - INFO: ======> 1w Iter Time: 411.22 (507.16)s, Will finish at: 02/24 04:14:35
22-02-23 17:47:30.622 - INFO: [epoch: 12, iter:1,260,000, lr:(6.036e-05,)] l_pix: 2.2491e-02 
22-02-23 17:47:30.839 - INFO: ======> 1w Iter Time: 411.67 (506.40)s, Will finish at: 02/24 04:12:04
22-02-23 17:54:24.737 - INFO: ======> 1w Iter Time: 413.90 (505.67)s, Will finish at: 02/24 04:09:38
22-02-23 18:01:16.210 - INFO: [epoch: 12, iter:1,280,000, lr:(5.749e-05,)] l_pix: 2.1370e-02 
22-02-23 18:01:16.475 - INFO: ======> 1w Iter Time: 411.74 (504.94)s, Will finish at: 02/24 04:07:11
22-02-23 18:08:08.970 - INFO: ======> 1w Iter Time: 412.50 (504.22)s, Will finish at: 02/24 04:04:48
22-02-23 18:15:00.086 - INFO: [epoch: 13, iter:1,300,000, lr:(5.467e-05,)] l_pix: 3.2945e-02 
22-02-23 18:15:00.267 - INFO: ======> 1w Iter Time: 411.30 (503.50)s, Will finish at: 02/24 04:02:25
22-02-23 18:21:52.001 - INFO: ======> 1w Iter Time: 411.73 (502.80)s, Will finish at: 02/24 04:00:05
22-02-23 18:28:44.224 - INFO: [epoch: 13, iter:1,320,000, lr:(5.190e-05,)] l_pix: 2.2574e-02 
22-02-23 18:28:44.419 - INFO: ======> 1w Iter Time: 412.42 (502.12)s, Will finish at: 02/24 03:57:48
22-02-23 18:35:36.215 - INFO: ======> 1w Iter Time: 411.80 (501.44)s, Will finish at: 02/24 03:55:32
22-02-23 18:42:28.126 - INFO: [epoch: 13, iter:1,340,000, lr:(4.917e-05,)] l_pix: 2.5437e-02 
22-02-23 18:42:28.330 - INFO: ======> 1w Iter Time: 412.11 (500.77)s, Will finish at: 02/24 03:53:19
22-02-23 18:49:22.737 - INFO: ======> 1w Iter Time: 414.41 (500.13)s, Will finish at: 02/24 03:51:11
22-02-23 18:56:16.143 - INFO: [epoch: 13, iter:1,360,000, lr:(4.649e-05,)] l_pix: 1.9649e-02 
22-02-23 18:56:16.696 - INFO: ======> 1w Iter Time: 413.96 (499.50)s, Will finish at: 02/24 03:49:04
22-02-23 19:03:07.670 - INFO: ======> 1w Iter Time: 410.97 (498.85)s, Will finish at: 02/24 03:46:55
22-02-23 19:10:00.280 - INFO: [epoch: 13, iter:1,380,000, lr:(4.387e-05,)] l_pix: 2.6092e-02 
22-02-23 19:10:01.997 - INFO: ======> 1w Iter Time: 414.33 (498.24)s, Will finish at: 02/24 03:44:52
22-02-23 19:16:52.850 - INFO: ======> 1w Iter Time: 410.85 (497.61)s, Will finish at: 02/24 03:42:47
22-02-23 19:23:45.368 - INFO: [epoch: 14, iter:1,400,000, lr:(4.130e-05,)] l_pix: 2.9608e-02 
22-02-23 19:23:45.560 - INFO: ======> 1w Iter Time: 412.71 (497.01)s, Will finish at: 02/24 03:40:45
22-02-23 19:30:36.996 - INFO: ======> 1w Iter Time: 411.44 (496.40)s, Will finish at: 02/24 03:38:44
22-02-23 19:37:29.636 - INFO: [epoch: 14, iter:1,420,000, lr:(3.879e-05,)] l_pix: 2.4558e-02 
22-02-23 19:37:29.871 - INFO: ======> 1w Iter Time: 412.87 (495.81)s, Will finish at: 02/24 03:36:46
22-02-23 19:44:21.815 - INFO: ======> 1w Iter Time: 411.94 (495.22)s, Will finish at: 02/24 03:34:49
22-02-23 19:51:13.364 - INFO: [epoch: 14, iter:1,440,000, lr:(3.634e-05,)] l_pix: 2.4805e-02 
22-02-23 19:51:13.651 - INFO: ======> 1w Iter Time: 411.84 (494.65)s, Will finish at: 02/24 03:32:53
22-02-23 19:58:07.087 - INFO: ======> 1w Iter Time: 413.44 (494.09)s, Will finish at: 02/24 03:31:01
22-02-23 20:04:59.140 - INFO: [epoch: 14, iter:1,460,000, lr:(3.395e-05,)] l_pix: 2.2448e-02 
22-02-23 20:04:59.332 - INFO: ======> 1w Iter Time: 412.25 (493.52)s, Will finish at: 02/24 03:29:09
22-02-23 20:11:51.330 - INFO: ======> 1w Iter Time: 412.00 (492.97)s, Will finish at: 02/24 03:27:18
22-02-23 20:18:43.805 - INFO: [epoch: 14, iter:1,480,000, lr:(3.163e-05,)] l_pix: 3.1405e-02 
22-02-23 20:18:44.074 - INFO: ======> 1w Iter Time: 412.74 (492.43)s, Will finish at: 02/24 03:25:30
22-02-23 20:25:35.614 - INFO: ======> 1w Iter Time: 411.54 (491.89)s, Will finish at: 02/24 03:23:41
22-02-23 20:32:28.340 - INFO: [epoch: 15, iter:1,500,000, lr:(2.937e-05,)] l_pix: 2.6814e-02 
22-02-23 20:32:28.519 - INFO: ======> 1w Iter Time: 412.90 (491.36)s, Will finish at: 02/24 03:21:56
22-02-23 20:39:20.039 - INFO: ======> 1w Iter Time: 411.52 (490.83)s, Will finish at: 02/24 03:20:10
22-02-23 20:46:11.362 - INFO: [epoch: 15, iter:1,520,000, lr:(2.719e-05,)] l_pix: 2.5975e-02 
22-02-23 20:46:11.576 - INFO: ======> 1w Iter Time: 411.54 (490.31)s, Will finish at: 02/24 03:18:26
22-02-23 20:53:04.430 - INFO: ======> 1w Iter Time: 412.85 (489.80)s, Will finish at: 02/24 03:16:45
22-02-23 20:59:57.622 - INFO: [epoch: 15, iter:1,540,000, lr:(2.508e-05,)] l_pix: 2.3290e-02 
22-02-23 20:59:58.161 - INFO: ======> 1w Iter Time: 413.73 (489.31)s, Will finish at: 02/24 03:15:06
22-02-23 21:06:50.374 - INFO: ======> 1w Iter Time: 412.21 (488.81)s, Will finish at: 02/24 03:13:26
22-02-23 21:13:41.896 - INFO: [epoch: 15, iter:1,560,000, lr:(2.304e-05,)] l_pix: 2.2485e-02 
22-02-23 21:13:42.159 - INFO: ======> 1w Iter Time: 411.79 (488.32)s, Will finish at: 02/24 03:11:48
22-02-23 21:20:33.757 - INFO: ======> 1w Iter Time: 411.60 (487.83)s, Will finish at: 02/24 03:10:10
22-02-23 21:27:24.178 - INFO: [epoch: 15, iter:1,580,000, lr:(2.107e-05,)] l_pix: 2.3912e-02 
22-02-23 21:27:24.433 - INFO: ======> 1w Iter Time: 410.68 (487.34)s, Will finish at: 02/24 03:08:32
22-02-23 21:34:16.909 - INFO: ======> 1w Iter Time: 412.48 (486.87)s, Will finish at: 02/24 03:06:58
22-02-23 21:41:10.323 - INFO: [epoch: 16, iter:1,600,000, lr:(1.919e-05,)] l_pix: 2.0913e-02 
22-02-23 21:41:10.621 - INFO: ======> 1w Iter Time: 413.71 (486.41)s, Will finish at: 02/24 03:05:27
22-02-23 21:48:02.561 - INFO: ======> 1w Iter Time: 411.94 (485.95)s, Will finish at: 02/24 03:03:54
22-02-23 21:54:56.243 - INFO: [epoch: 16, iter:1,620,000, lr:(1.738e-05,)] l_pix: 2.7602e-02 
22-02-23 21:54:56.438 - INFO: ======> 1w Iter Time: 413.88 (485.50)s, Will finish at: 02/24 03:02:25
22-02-23 22:01:48.842 - INFO: ======> 1w Iter Time: 412.40 (485.06)s, Will finish at: 02/24 03:00:55
22-02-23 22:08:41.367 - INFO: [epoch: 16, iter:1,640,000, lr:(1.566e-05,)] l_pix: 2.0814e-02 
22-02-23 22:08:41.538 - INFO: ======> 1w Iter Time: 412.70 (484.61)s, Will finish at: 02/24 02:59:27
22-02-23 22:15:32.574 - INFO: ======> 1w Iter Time: 411.04 (484.17)s, Will finish at: 02/24 02:57:58
22-02-23 22:22:24.441 - INFO: [epoch: 16, iter:1,660,000, lr:(1.402e-05,)] l_pix: 1.3924e-02 
22-02-23 22:22:24.669 - INFO: ======> 1w Iter Time: 412.10 (483.73)s, Will finish at: 02/24 02:56:31
22-02-23 22:29:15.949 - INFO: ======> 1w Iter Time: 411.28 (483.30)s, Will finish at: 02/24 02:55:04
22-02-23 22:36:06.240 - INFO: [epoch: 16, iter:1,680,000, lr:(1.246e-05,)] l_pix: 3.1444e-02 
22-02-23 22:36:06.438 - INFO: ======> 1w Iter Time: 410.49 (482.87)s, Will finish at: 02/24 02:53:38
22-02-23 22:42:55.069 - INFO: ======> 1w Iter Time: 408.63 (482.43)s, Will finish at: 02/24 02:52:10
22-02-23 22:49:47.297 - INFO: [epoch: 17, iter:1,700,000, lr:(1.099e-05,)] l_pix: 2.5934e-02 
22-02-23 22:49:47.528 - INFO: ======> 1w Iter Time: 412.46 (482.02)s, Will finish at: 02/24 02:50:47
22-02-23 22:56:43.887 - INFO: ======> 1w Iter Time: 416.36 (481.63)s, Will finish at: 02/24 02:49:31
22-02-23 23:03:43.683 - INFO: [epoch: 17, iter:1,720,000, lr:(9.613e-06,)] l_pix: 2.9139e-02 
22-02-23 23:03:44.014 - INFO: ======> 1w Iter Time: 420.13 (481.28)s, Will finish at: 02/24 02:48:19
22-02-23 23:10:52.043 - INFO: ======> 1w Iter Time: 428.03 (480.97)s, Will finish at: 02/24 02:47:18
22-02-23 23:17:58.892 - INFO: [epoch: 17, iter:1,740,000, lr:(8.320e-06,)] l_pix: 2.0321e-02 
22-02-23 23:17:59.192 - INFO: ======> 1w Iter Time: 427.15 (480.66)s, Will finish at: 02/24 02:46:16
22-02-23 23:24:49.698 - INFO: ======> 1w Iter Time: 410.51 (480.26)s, Will finish at: 02/24 02:44:56
22-02-23 23:31:36.063 - INFO: [epoch: 17, iter:1,760,000, lr:(7.119e-06,)] l_pix: 2.9751e-02 
22-02-23 23:31:37.039 - INFO: ======> 1w Iter Time: 407.34 (479.84)s, Will finish at: 02/24 02:43:33
22-02-23 23:38:23.642 - INFO: ======> 1w Iter Time: 406.60 (479.43)s, Will finish at: 02/24 02:42:10
22-02-23 23:45:12.930 - INFO: [epoch: 17, iter:1,780,000, lr:(6.009e-06,)] l_pix: 1.9593e-02 
22-02-23 23:45:13.142 - INFO: ======> 1w Iter Time: 409.50 (479.04)s, Will finish at: 02/24 02:40:51
22-02-23 23:52:00.646 - INFO: ======> 1w Iter Time: 407.50 (478.64)s, Will finish at: 02/24 02:39:31
22-02-23 23:58:48.979 - INFO: [epoch: 18, iter:1,800,000, lr:(4.992e-06,)] l_pix: 2.9701e-02 
22-02-23 23:58:49.174 - INFO: ======> 1w Iter Time: 408.53 (478.25)s, Will finish at: 02/24 02:38:14
22-02-24 00:05:36.433 - INFO: ======> 1w Iter Time: 407.26 (477.85)s, Will finish at: 02/24 02:36:55
22-02-24 00:12:26.773 - INFO: [epoch: 18, iter:1,820,000, lr:(4.069e-06,)] l_pix: 1.9951e-02 
22-02-24 00:12:28.059 - INFO: ======> 1w Iter Time: 411.63 (477.49)s, Will finish at: 02/24 02:35:42
22-02-24 00:19:19.924 - INFO: ======> 1w Iter Time: 411.87 (477.13)s, Will finish at: 02/24 02:34:31
22-02-24 00:26:14.369 - INFO: [epoch: 18, iter:1,840,000, lr:(3.240e-06,)] l_pix: 1.7727e-02 
22-02-24 00:26:14.576 - INFO: ======> 1w Iter Time: 414.65 (476.79)s, Will finish at: 02/24 02:33:23
22-02-24 00:33:08.637 - INFO: ======> 1w Iter Time: 414.06 (476.45)s, Will finish at: 02/24 02:32:15
22-02-24 00:40:06.350 - INFO: [epoch: 18, iter:1,860,000, lr:(2.507e-06,)] l_pix: 1.9910e-02 
22-02-24 00:40:06.543 - INFO: ======> 1w Iter Time: 417.91 (476.14)s, Will finish at: 02/24 02:31:12
22-02-24 00:47:06.152 - INFO: ======> 1w Iter Time: 419.61 (475.84)s, Will finish at: 02/24 02:30:11
22-02-24 00:54:09.191 - INFO: [epoch: 18, iter:1,880,000, lr:(1.870e-06,)] l_pix: 2.5168e-02 
22-02-24 00:54:09.427 - INFO: ======> 1w Iter Time: 423.28 (475.56)s, Will finish at: 02/24 02:29:16
22-02-24 01:01:12.150 - INFO: ======> 1w Iter Time: 422.72 (475.28)s, Will finish at: 02/24 02:28:20
22-02-24 01:08:36.975 - INFO: [epoch: 19, iter:1,900,000, lr:(1.331e-06,)] l_pix: 1.8415e-02 
22-02-24 01:08:37.171 - INFO: ======> 1w Iter Time: 445.02 (475.12)s, Will finish at: 02/24 02:27:48
22-02-24 01:18:36.887 - INFO: ======> 1w Iter Time: 599.72 (475.77)s, Will finish at: 02/24 02:29:58
22-02-24 01:28:37.280 - INFO: [epoch: 19, iter:1,920,000, lr:(8.881e-07,)] l_pix: 1.6860e-02 
22-02-24 01:28:37.453 - INFO: ======> 1w Iter Time: 600.57 (476.42)s, Will finish at: 02/24 02:32:08
22-02-24 01:38:36.711 - INFO: ======> 1w Iter Time: 599.26 (477.06)s, Will finish at: 02/24 02:34:16
22-02-24 01:48:37.527 - INFO: [epoch: 19, iter:1,940,000, lr:(5.436e-07,)] l_pix: 2.8055e-02 
22-02-24 01:48:37.695 - INFO: ======> 1w Iter Time: 600.98 (477.70)s, Will finish at: 02/24 02:36:23
22-02-24 01:58:39.671 - INFO: ======> 1w Iter Time: 601.98 (478.33)s, Will finish at: 02/24 02:38:31
22-02-24 02:08:40.876 - INFO: [epoch: 19, iter:1,960,000, lr:(2.972e-07,)] l_pix: 2.2924e-02 
22-02-24 02:08:41.413 - INFO: ======> 1w Iter Time: 601.74 (478.96)s, Will finish at: 02/24 02:40:37
22-02-24 02:18:42.370 - INFO: ======> 1w Iter Time: 600.96 (479.58)s, Will finish at: 02/24 02:42:41
22-02-24 02:28:43.500 - INFO: [epoch: 19, iter:1,980,000, lr:(1.493e-07,)] l_pix: 2.4260e-02 
22-02-24 02:28:43.679 - INFO: ======> 1w Iter Time: 601.31 (480.20)s, Will finish at: 02/24 02:44:44
22-02-24 02:38:44.462 - INFO: ======> 1w Iter Time: 600.78 (480.80)s, Will finish at: 02/24 02:46:45
22-02-24 02:48:52.058 - INFO: [epoch: 20, iter:2,000,000, lr:(1.000e-07,)] l_pix: 1.9839e-02 
22-02-24 02:48:52.253 - INFO: ======> 1w Iter Time: 607.79 (481.44)s, Will finish at: 02/24 02:48:52
22-02-24 02:48:52.972 - INFO: Saving the final model.
22-02-24 02:48:53.075 - INFO: End of training.